Started GET "/" for ::1 at 2021-06-10 17:00:06 -0700
  
ActiveRecord::NoDatabaseError (FATAL:  database "hotel_api_development" does not exist
):
  
activerecord (5.2.6) lib/active_record/connection_adapters/postgresql_adapter.rb:696:in `rescue in connect'
activerecord (5.2.6) lib/active_record/connection_adapters/postgresql_adapter.rb:691:in `connect'
activerecord (5.2.6) lib/active_record/connection_adapters/postgresql_adapter.rb:223:in `initialize'
activerecord (5.2.6) lib/active_record/connection_adapters/postgresql_adapter.rb:48:in `new'
activerecord (5.2.6) lib/active_record/connection_adapters/postgresql_adapter.rb:48:in `postgresql_connection'
activerecord (5.2.6) lib/active_record/connection_adapters/abstract/connection_pool.rb:830:in `new_connection'
activerecord (5.2.6) lib/active_record/connection_adapters/abstract/connection_pool.rb:874:in `checkout_new_connection'
activerecord (5.2.6) lib/active_record/connection_adapters/abstract/connection_pool.rb:853:in `try_to_checkout_new_connection'
activerecord (5.2.6) lib/active_record/connection_adapters/abstract/connection_pool.rb:814:in `acquire_connection'
activerecord (5.2.6) lib/active_record/connection_adapters/abstract/connection_pool.rb:538:in `checkout'
activerecord (5.2.6) lib/active_record/connection_adapters/abstract/connection_pool.rb:382:in `connection'
activerecord (5.2.6) lib/active_record/connection_adapters/abstract/connection_pool.rb:1033:in `retrieve_connection'
activerecord (5.2.6) lib/active_record/connection_handling.rb:118:in `retrieve_connection'
activerecord (5.2.6) lib/active_record/connection_handling.rb:90:in `connection'
activerecord (5.2.6) lib/active_record/migration.rb:554:in `call'
actionpack (5.2.6) lib/action_dispatch/middleware/callbacks.rb:28:in `block in call'
activesupport (5.2.6) lib/active_support/callbacks.rb:98:in `run_callbacks'
actionpack (5.2.6) lib/action_dispatch/middleware/callbacks.rb:26:in `call'
actionpack (5.2.6) lib/action_dispatch/middleware/executor.rb:14:in `call'
actionpack (5.2.6) lib/action_dispatch/middleware/debug_exceptions.rb:61:in `call'
actionpack (5.2.6) lib/action_dispatch/middleware/show_exceptions.rb:33:in `call'
railties (5.2.6) lib/rails/rack/logger.rb:38:in `call_app'
railties (5.2.6) lib/rails/rack/logger.rb:26:in `block in call'
activesupport (5.2.6) lib/active_support/tagged_logging.rb:71:in `block in tagged'
activesupport (5.2.6) lib/active_support/tagged_logging.rb:28:in `tagged'
activesupport (5.2.6) lib/active_support/tagged_logging.rb:71:in `tagged'
railties (5.2.6) lib/rails/rack/logger.rb:26:in `call'
actionpack (5.2.6) lib/action_dispatch/middleware/remote_ip.rb:81:in `call'
actionpack (5.2.6) lib/action_dispatch/middleware/request_id.rb:27:in `call'
rack (2.2.3) lib/rack/runtime.rb:22:in `call'
activesupport (5.2.6) lib/active_support/cache/strategy/local_cache_middleware.rb:29:in `call'
actionpack (5.2.6) lib/action_dispatch/middleware/executor.rb:14:in `call'
actionpack (5.2.6) lib/action_dispatch/middleware/static.rb:127:in `call'
rack (2.2.3) lib/rack/sendfile.rb:110:in `call'
railties (5.2.6) lib/rails/engine.rb:524:in `call'
puma (3.12.6) lib/puma/configuration.rb:227:in `call'
puma (3.12.6) lib/puma/server.rb:706:in `handle_request'
puma (3.12.6) lib/puma/server.rb:476:in `process_client'
puma (3.12.6) lib/puma/server.rb:334:in `block in run'
puma (3.12.6) lib/puma/thread_pool.rb:135:in `block in spawn_thread'
  [1m[35m (576.3ms)[0m  [1m[35mCREATE DATABASE "hotel_api_development" ENCODING = 'unicode'[0m
  ↳ bin/rails:9
  [1m[35m (325.0ms)[0m  [1m[35mCREATE DATABASE "hotel_api_test" ENCODING = 'unicode'[0m
  ↳ bin/rails:9
Started GET "/" for ::1 at 2021-06-10 17:00:48 -0700
Processing by Rails::WelcomeController#index as HTML
  Rendering /Users/codingCoding/.rbenv/versions/2.5.1/lib/ruby/gems/2.5.0/gems/railties-5.2.6/lib/rails/templates/rails/welcome/index.html.erb
  Rendered /Users/codingCoding/.rbenv/versions/2.5.1/lib/ruby/gems/2.5.0/gems/railties-5.2.6/lib/rails/templates/rails/welcome/index.html.erb (7.1ms)
Completed 200 OK in 20ms (Views: 14.9ms | ActiveRecord: 0.0ms)


Started GET "/api/explores" for ::1 at 2021-06-10 17:21:20 -0700
  
AbstractController::ActionNotFound (The action 'index' could not be found for Api::ExploresController):
  
actionpack (5.2.6) lib/abstract_controller/base.rb:129:in `process'
actionpack (5.2.6) lib/action_controller/metal.rb:191:in `dispatch'
actionpack (5.2.6) lib/action_controller/metal.rb:252:in `dispatch'
actionpack (5.2.6) lib/action_dispatch/routing/route_set.rb:52:in `dispatch'
actionpack (5.2.6) lib/action_dispatch/routing/route_set.rb:34:in `serve'
actionpack (5.2.6) lib/action_dispatch/journey/router.rb:52:in `block in serve'
actionpack (5.2.6) lib/action_dispatch/journey/router.rb:35:in `each'
actionpack (5.2.6) lib/action_dispatch/journey/router.rb:35:in `serve'
actionpack (5.2.6) lib/action_dispatch/routing/route_set.rb:840:in `call'
rack (2.2.3) lib/rack/etag.rb:27:in `call'
rack (2.2.3) lib/rack/conditional_get.rb:27:in `call'
rack (2.2.3) lib/rack/head.rb:12:in `call'
activerecord (5.2.6) lib/active_record/migration.rb:559:in `call'
actionpack (5.2.6) lib/action_dispatch/middleware/callbacks.rb:28:in `block in call'
activesupport (5.2.6) lib/active_support/callbacks.rb:98:in `run_callbacks'
actionpack (5.2.6) lib/action_dispatch/middleware/callbacks.rb:26:in `call'
actionpack (5.2.6) lib/action_dispatch/middleware/executor.rb:14:in `call'
actionpack (5.2.6) lib/action_dispatch/middleware/debug_exceptions.rb:61:in `call'
actionpack (5.2.6) lib/action_dispatch/middleware/show_exceptions.rb:33:in `call'
railties (5.2.6) lib/rails/rack/logger.rb:38:in `call_app'
railties (5.2.6) lib/rails/rack/logger.rb:26:in `block in call'
activesupport (5.2.6) lib/active_support/tagged_logging.rb:71:in `block in tagged'
activesupport (5.2.6) lib/active_support/tagged_logging.rb:28:in `tagged'
activesupport (5.2.6) lib/active_support/tagged_logging.rb:71:in `tagged'
railties (5.2.6) lib/rails/rack/logger.rb:26:in `call'
actionpack (5.2.6) lib/action_dispatch/middleware/remote_ip.rb:81:in `call'
actionpack (5.2.6) lib/action_dispatch/middleware/request_id.rb:27:in `call'
rack (2.2.3) lib/rack/runtime.rb:22:in `call'
activesupport (5.2.6) lib/active_support/cache/strategy/local_cache_middleware.rb:29:in `call'
actionpack (5.2.6) lib/action_dispatch/middleware/executor.rb:14:in `call'
actionpack (5.2.6) lib/action_dispatch/middleware/static.rb:127:in `call'
rack (2.2.3) lib/rack/sendfile.rb:110:in `call'
railties (5.2.6) lib/rails/engine.rb:524:in `call'
puma (3.12.6) lib/puma/configuration.rb:227:in `call'
puma (3.12.6) lib/puma/server.rb:706:in `handle_request'
puma (3.12.6) lib/puma/server.rb:476:in `process_client'
puma (3.12.6) lib/puma/server.rb:334:in `block in run'
puma (3.12.6) lib/puma/thread_pool.rb:135:in `block in spawn_thread'
Started GET "/api/explores" for ::1 at 2021-06-10 17:31:26 -0700
  
LoadError (cannot load such file -- httparty):
  
app/controllers/api/explores_controller.rb:1:in `<top (required)>'
Started GET "/api/explores" for ::1 at 2021-06-10 17:32:12 -0700
  
LoadError (cannot load such file -- httparty):
  
app/controllers/api/explores_controller.rb:1:in `<top (required)>'
Started GET "/api/explores" for ::1 at 2021-06-10 17:33:52 -0700
  
LoadError (cannot load such file -- httparty):
  
app/controllers/api/explores_controller.rb:1:in `<top (required)>'
Started GET "/api/explores" for ::1 at 2021-06-10 17:33:54 -0700
  
LoadError (cannot load such file -- httparty):
  
app/controllers/api/explores_controller.rb:1:in `<top (required)>'
Started GET "/api/explores" for ::1 at 2021-06-10 17:35:08 -0700
  
LoadError (cannot load such file -- httparty):
  
app/controllers/api/explores_controller.rb:1:in `<top (required)>'
Started GET "/api/explores" for ::1 at 2021-06-10 17:35:44 -0700
  
LoadError (cannot load such file -- httparty):
  
app/controllers/api/explores_controller.rb:1:in `<top (required)>'
Started GET "/api/explores" for ::1 at 2021-06-10 17:35:57 -0700
  
LoadError (cannot load such file -- httparty):
  
app/controllers/api/explores_controller.rb:1:in `<top (required)>'
Started GET "/api/explores" for ::1 at 2021-06-10 17:36:01 -0700
  
LoadError (cannot load such file -- httparty):
  
app/controllers/api/explores_controller.rb:1:in `<top (required)>'
Started GET "/api/explores" for ::1 at 2021-06-10 17:36:28 -0700
  
LoadError (cannot load such file -- httparty):
  
app/controllers/api/explores_controller.rb:2:in `<top (required)>'
Started GET "/api/explores" for ::1 at 2021-06-10 17:36:32 -0700
  
LoadError (cannot load such file -- httparty):
  
app/controllers/api/explores_controller.rb:2:in `<top (required)>'
Started GET "/api/explores" for ::1 at 2021-06-10 17:36:48 -0700
  
ActionController::RoutingError (uninitialized constant Api::ExploresController::Httparty):
  
app/controllers/api/explores_controller.rb:5:in `<class:ExploresController>'
app/controllers/api/explores_controller.rb:4:in `<top (required)>'
Started GET "/api/explores" for ::1 at 2021-06-10 17:39:48 -0700
  
ActionController::RoutingError (uninitialized constant Api::ExploresController::Httparty):
  
app/controllers/api/explores_controller.rb:5:in `<class:ExploresController>'
app/controllers/api/explores_controller.rb:4:in `<top (required)>'
Started GET "/api/explores" for ::1 at 2021-06-10 17:39:55 -0700
  
LoadError (cannot load such file -- httparty):
  
app/controllers/api/explores_controller.rb:2:in `<top (required)>'
Started GET "/api/explores" for ::1 at 2021-06-10 17:40:33 -0700
  
LoadError (cannot load such file -- httparty):
  
app/controllers/api/explores_controller.rb:2:in `<top (required)>'
Started GET "/api/explores" for ::1 at 2021-06-10 17:44:24 -0700
  
ActionController::RoutingError (uninitialized constant HTTParty):
  
app/controllers/api/explores_controller.rb:3:in `<top (required)>'
Started GET "/api/explores" for ::1 at 2021-06-10 17:44:25 -0700
  
ActionController::RoutingError (uninitialized constant HTTParty):
  
app/controllers/api/explores_controller.rb:3:in `<top (required)>'
Started GET "/api/explores" for ::1 at 2021-06-10 17:46:00 -0700
  
ActionController::RoutingError (uninitialized constant HTTParty):
  
app/controllers/api/explores_controller.rb:3:in `<top (required)>'
Started GET "/api/explores" for ::1 at 2021-06-10 17:48:00 -0700
Processing by Api::ExploresController#index as JSON
Completed 200 OK in 275ms (Views: 0.2ms | ActiveRecord: 0.0ms)


Started GET "/api/explores" for ::1 at 2021-06-10 17:48:18 -0700
Processing by Api::ExploresController#index as JSON
Completed 200 OK in 158ms (Views: 0.3ms | ActiveRecord: 0.0ms)


Started GET "/api/explores" for ::1 at 2021-06-10 17:49:15 -0700
Processing by Api::ExploresController#index as JSON
Completed 200 OK in 164ms (Views: 0.1ms | ActiveRecord: 0.0ms)


Started GET "/api/explores" for ::1 at 2021-06-10 17:49:28 -0700
Processing by Api::ExploresController#index as JSON
Completed 500 Internal Server Error in 170ms (ActiveRecord: 0.0ms)


  
NoMethodError (undefined method `parsed_response' for nil:NilClass):
  
app/controllers/api/explores_controller.rb:14:in `index'
Started GET "/api/explores" for ::1 at 2021-06-10 17:49:47 -0700
Processing by Api::ExploresController#index as JSON
Completed 200 OK in 166ms (Views: 0.1ms | ActiveRecord: 0.0ms)


Started GET "/api/explores" for ::1 at 2021-06-10 17:51:18 -0700
Processing by Api::ExploresController#index as JSON
Completed 200 OK in 169ms (Views: 0.1ms | ActiveRecord: 0.0ms)


Started GET "/api/explores" for ::1 at 2021-06-10 17:51:30 -0700
Processing by Api::ExploresController#index as JSON
Completed 200 OK in 153ms (Views: 0.1ms | ActiveRecord: 0.0ms)


Started GET "/api/explores" for ::1 at 2021-06-10 17:52:03 -0700
Processing by Api::ExploresController#index as JSON
Completed 200 OK in 181ms (Views: 0.3ms | ActiveRecord: 0.0ms)


Started GET "/api/explores" for ::1 at 2021-06-10 17:52:08 -0700
Processing by Api::ExploresController#index as JSON
Completed 200 OK in 162ms (Views: 0.1ms | ActiveRecord: 0.0ms)


Started GET "/api/explores" for ::1 at 2021-06-10 17:52:13 -0700
Processing by Api::ExploresController#index as JSON
Completed 200 OK in 160ms (Views: 0.2ms | ActiveRecord: 0.0ms)


Started GET "/api/explores" for ::1 at 2021-06-10 19:00:52 -0700
Processing by Api::ExploresController#index as JSON
Completed 200 OK in 167ms (Views: 0.2ms | ActiveRecord: 0.0ms)


Started GET "/api/explores" for ::1 at 2021-06-10 19:01:16 -0700
Processing by Api::ExploresController#index as JSON
Completed 200 OK in 165ms (Views: 0.1ms | ActiveRecord: 0.0ms)


Started GET "/api/explores" for ::1 at 2021-06-10 19:02:48 -0700
  
ActionController::RoutingError (undefined local variable or method `response' for main:Object
Did you mean?  respond_to?):
  
app/controllers/api/explores_controller.rb:5:in `<top (required)>'
Started GET "/api/explores" for ::1 at 2021-06-10 19:03:02 -0700
  
ActionController::RoutingError (undefined local variable or method `response' for main:Object
Did you mean?  respond_to?):
  
app/controllers/api/explores_controller.rb:5:in `<top (required)>'
Started GET "/api/explores" for ::1 at 2021-06-10 19:05:02 -0700
  
SyntaxError (/Users/codingCoding/Desktop/hotel_engine_api/app/controllers/api/explores_controller.rb:18: syntax error, unexpected keyword_end
    end
    ^~~):
  
app/controllers/api/explores_controller.rb:18: syntax error, unexpected keyword_end
Started GET "/api/explores" for ::1 at 2021-06-10 19:05:55 -0700
  
ActionController::RoutingError (undefined local variable or method `response' for main:Object
Did you mean?  respond_to?):
  
app/controllers/api/explores_controller.rb:5:in `<top (required)>'
Started GET "/api/explores" for ::1 at 2021-06-10 19:07:23 -0700
Processing by Api::ExploresController#index as JSON
Completed 200 OK in 296ms (Views: 0.5ms | ActiveRecord: 0.0ms)


Started GET "/api/explores" for ::1 at 2021-06-10 19:07:36 -0700
Processing by Api::ExploresController#index as JSON
Completed 200 OK in 625ms (Views: 0.6ms | ActiveRecord: 0.0ms)


Started GET "/api/explores" for ::1 at 2021-06-10 19:09:21 -0700
Processing by Api::ExploresController#index as JSON
Completed 404 Not Found in 622ms (Views: 3.2ms | ActiveRecord: 0.0ms)


Started GET "/api/explores" for ::1 at 2021-06-10 19:35:17 -0700
Processing by Api::ExploresController#index as JSON
Completed 500 Internal Server Error in 609ms (ActiveRecord: 0.0ms)


  
NameError (undefined local variable or method `responses' for #<Api::ExploresController:0x00007fd85b6643c0>
Did you mean?  response
               @responses
               response=
               @_response):
  
app/controllers/api/explores_controller.rb:17:in `index'
Started GET "/api/explores" for ::1 at 2021-06-10 19:39:25 -0700
Processing by Api::ExploresController#index as JSON
Completed 200 OK in 734ms (Views: 3.8ms | ActiveRecord: 0.0ms)


Started GET "/api/explores" for ::1 at 2021-06-10 19:53:24 -0700
Processing by Api::ExploresController#index as JSON
Completed 200 OK in 605ms (Views: 0.6ms | ActiveRecord: 0.0ms)


Started GET "/api/explores" for ::1 at 2021-06-10 19:55:30 -0700
Processing by Api::ExploresController#index as JSON
Completed 204 No Content in 171ms (ActiveRecord: 0.0ms)


Started GET "/api/explores" for ::1 at 2021-06-10 19:55:34 -0700
Processing by Api::ExploresController#index as JSON
Completed 204 No Content in 156ms (ActiveRecord: 0.0ms)


Started GET "/api/explores" for ::1 at 2021-06-10 19:56:03 -0700
Processing by Api::ExploresController#index as JSON
Completed 204 No Content in 610ms (ActiveRecord: 0.0ms)


Started GET "/api/explores" for ::1 at 2021-06-10 19:56:30 -0700
Processing by Api::ExploresController#index as JSON
Completed 200 OK in 609ms (Views: 0.6ms | ActiveRecord: 0.0ms)


Started GET "/api/explores" for ::1 at 2021-06-10 19:58:48 -0700
Processing by Api::ExploresController#index as JSON
Completed 200 OK in 830ms (Views: 0.4ms | ActiveRecord: 0.0ms)


Started GET "/" for ::1 at 2021-06-10 19:59:04 -0700
Processing by Rails::WelcomeController#index as HTML
  Rendering /Users/codingCoding/.rbenv/versions/2.5.1/lib/ruby/gems/2.5.0/gems/railties-5.2.6/lib/rails/templates/rails/welcome/index.html.erb
  Rendered /Users/codingCoding/.rbenv/versions/2.5.1/lib/ruby/gems/2.5.0/gems/railties-5.2.6/lib/rails/templates/rails/welcome/index.html.erb (161.0ms)
Completed 200 OK in 254ms (Views: 197.7ms | ActiveRecord: 0.0ms)


Started GET "/api/explores" for ::1 at 2021-06-10 19:59:10 -0700
Processing by Api::ExploresController#index as JSON
Completed 200 OK in 281ms (Views: 0.8ms | ActiveRecord: 0.0ms)


Started GET "/api/explores" for ::1 at 2021-06-10 19:59:13 -0700
Processing by Api::ExploresController#index as JSON
Completed 200 OK in 255ms (Views: 0.3ms | ActiveRecord: 0.0ms)


Started GET "/api/explores" for ::1 at 2021-06-10 19:59:32 -0700
Processing by Api::ExploresController#index as JSON
Completed 200 OK in 268ms (Views: 9.6ms | ActiveRecord: 0.0ms)


Started GET "/api/explores" for ::1 at 2021-06-10 19:59:51 -0700
Processing by Api::ExploresController#index as JSON
Completed 200 OK in 266ms (Views: 0.5ms | ActiveRecord: 0.0ms)


Started GET "/api/explores" for ::1 at 2021-06-10 20:00:05 -0700
Processing by Api::ExploresController#index as JSON
Completed 500 Internal Server Error in 315ms (ActiveRecord: 0.0ms)


  
NoMethodError (undefined method `all' for #<HTTParty::Response:0x00007fd85a340cd0>):
  
app/controllers/api/explores_controller.rb:17:in `index'
Started GET "/api/explores" for ::1 at 2021-06-10 20:00:21 -0700
Processing by Api::ExploresController#index as JSON
Completed 500 Internal Server Error in 361ms (ActiveRecord: 0.0ms)


  
NoMethodError (undefined method `all' for #<HTTParty::Response:0x00007fd85af66078>):
  
app/controllers/api/explores_controller.rb:17:in `index'
Started GET "/api/explores" for ::1 at 2021-06-10 20:01:45 -0700
Processing by Api::ExploresController#index as JSON
Completed 500 Internal Server Error in 1362ms (ActiveRecord: 0.0ms)


  
NameError (undefined local variable or method `responses' for #<Api::ExploresController:0x00007fd85db4bc38>
Did you mean?  response
               response
               @responses
               response=
               @_response):
  
app/controllers/api/explores_controller.rb:18:in `block in index'
app/controllers/api/explores_controller.rb:17:in `index'
Started GET "/api/explores" for ::1 at 2021-06-10 20:04:32 -0700
Processing by Api::ExploresController#index as JSON
Completed 500 Internal Server Error in 705ms (Views: 1.5ms | ActiveRecord: 0.0ms)


  
AbstractController::DoubleRenderError (Render and/or redirect were called multiple times in this action. Please note that you may only call render OR redirect, and at most once per action. Also note that neither redirect nor render terminate execution of the action, so if you want to exit an action after redirecting, you need to do something like "redirect_to(...) and return".):
  
app/controllers/api/explores_controller.rb:18:in `block in index'
app/controllers/api/explores_controller.rb:18:in `index'
Started GET "/api/explores" for ::1 at 2021-06-10 20:05:27 -0700
Processing by Api::ExploresController#index as JSON
Completed 200 OK in 312ms (Views: 3.2ms | ActiveRecord: 0.0ms)


Started GET "/api/explores" for ::1 at 2021-06-10 20:06:23 -0700
Processing by Api::ExploresController#index as JSON
Completed 200 OK in 309ms (Views: 26.3ms | ActiveRecord: 0.0ms)


Started GET "/api/characters" for ::1 at 2021-06-10 20:07:54 -0700
Processing by Api::CharactersController#index as JSON
Completed 200 OK in 336ms (Views: 33.3ms | ActiveRecord: 0.0ms)


Started GET "/api/expores" for ::1 at 2021-06-10 20:08:01 -0700
  
ActionController::RoutingError (No route matches [GET] "/api/expores"):
  
actionpack (5.2.6) lib/action_dispatch/middleware/debug_exceptions.rb:65:in `call'
actionpack (5.2.6) lib/action_dispatch/middleware/show_exceptions.rb:33:in `call'
railties (5.2.6) lib/rails/rack/logger.rb:38:in `call_app'
railties (5.2.6) lib/rails/rack/logger.rb:26:in `block in call'
activesupport (5.2.6) lib/active_support/tagged_logging.rb:71:in `block in tagged'
activesupport (5.2.6) lib/active_support/tagged_logging.rb:28:in `tagged'
activesupport (5.2.6) lib/active_support/tagged_logging.rb:71:in `tagged'
railties (5.2.6) lib/rails/rack/logger.rb:26:in `call'
actionpack (5.2.6) lib/action_dispatch/middleware/remote_ip.rb:81:in `call'
actionpack (5.2.6) lib/action_dispatch/middleware/request_id.rb:27:in `call'
rack (2.2.3) lib/rack/runtime.rb:22:in `call'
activesupport (5.2.6) lib/active_support/cache/strategy/local_cache_middleware.rb:29:in `call'
actionpack (5.2.6) lib/action_dispatch/middleware/executor.rb:14:in `call'
actionpack (5.2.6) lib/action_dispatch/middleware/static.rb:127:in `call'
rack (2.2.3) lib/rack/sendfile.rb:110:in `call'
railties (5.2.6) lib/rails/engine.rb:524:in `call'
puma (3.12.6) lib/puma/configuration.rb:227:in `call'
puma (3.12.6) lib/puma/server.rb:706:in `handle_request'
puma (3.12.6) lib/puma/server.rb:476:in `process_client'
puma (3.12.6) lib/puma/server.rb:334:in `block in run'
puma (3.12.6) lib/puma/thread_pool.rb:135:in `block in spawn_thread'
Started GET "/api/characters" for ::1 at 2021-06-10 20:08:06 -0700
Processing by Api::CharactersController#index as JSON
Completed 200 OK in 761ms (Views: 66.4ms | ActiveRecord: 0.0ms)


Started GET "/api/characters/10" for ::1 at 2021-06-10 20:39:27 -0700
  
AbstractController::ActionNotFound (The action 'show' could not be found for Api::CharactersController):
  
actionpack (5.2.6) lib/abstract_controller/base.rb:129:in `process'
actionpack (5.2.6) lib/action_controller/metal.rb:191:in `dispatch'
actionpack (5.2.6) lib/action_controller/metal.rb:252:in `dispatch'
actionpack (5.2.6) lib/action_dispatch/routing/route_set.rb:52:in `dispatch'
actionpack (5.2.6) lib/action_dispatch/routing/route_set.rb:34:in `serve'
actionpack (5.2.6) lib/action_dispatch/journey/router.rb:52:in `block in serve'
actionpack (5.2.6) lib/action_dispatch/journey/router.rb:35:in `each'
actionpack (5.2.6) lib/action_dispatch/journey/router.rb:35:in `serve'
actionpack (5.2.6) lib/action_dispatch/routing/route_set.rb:840:in `call'
rack (2.2.3) lib/rack/etag.rb:27:in `call'
rack (2.2.3) lib/rack/conditional_get.rb:27:in `call'
rack (2.2.3) lib/rack/head.rb:12:in `call'
activerecord (5.2.6) lib/active_record/migration.rb:559:in `call'
actionpack (5.2.6) lib/action_dispatch/middleware/callbacks.rb:28:in `block in call'
activesupport (5.2.6) lib/active_support/callbacks.rb:98:in `run_callbacks'
actionpack (5.2.6) lib/action_dispatch/middleware/callbacks.rb:26:in `call'
actionpack (5.2.6) lib/action_dispatch/middleware/executor.rb:14:in `call'
actionpack (5.2.6) lib/action_dispatch/middleware/debug_exceptions.rb:61:in `call'
actionpack (5.2.6) lib/action_dispatch/middleware/show_exceptions.rb:33:in `call'
railties (5.2.6) lib/rails/rack/logger.rb:38:in `call_app'
railties (5.2.6) lib/rails/rack/logger.rb:26:in `block in call'
activesupport (5.2.6) lib/active_support/tagged_logging.rb:71:in `block in tagged'
activesupport (5.2.6) lib/active_support/tagged_logging.rb:28:in `tagged'
activesupport (5.2.6) lib/active_support/tagged_logging.rb:71:in `tagged'
railties (5.2.6) lib/rails/rack/logger.rb:26:in `call'
actionpack (5.2.6) lib/action_dispatch/middleware/remote_ip.rb:81:in `call'
actionpack (5.2.6) lib/action_dispatch/middleware/request_id.rb:27:in `call'
rack (2.2.3) lib/rack/runtime.rb:22:in `call'
activesupport (5.2.6) lib/active_support/cache/strategy/local_cache_middleware.rb:29:in `call'
actionpack (5.2.6) lib/action_dispatch/middleware/executor.rb:14:in `call'
actionpack (5.2.6) lib/action_dispatch/middleware/static.rb:127:in `call'
rack (2.2.3) lib/rack/sendfile.rb:110:in `call'
railties (5.2.6) lib/rails/engine.rb:524:in `call'
puma (3.12.6) lib/puma/configuration.rb:227:in `call'
puma (3.12.6) lib/puma/server.rb:706:in `handle_request'
puma (3.12.6) lib/puma/server.rb:476:in `process_client'
puma (3.12.6) lib/puma/server.rb:334:in `block in run'
puma (3.12.6) lib/puma/thread_pool.rb:135:in `block in spawn_thread'
Started GET "/api/characters/10" for ::1 at 2021-06-10 20:43:05 -0700
Processing by Api::CharactersController#show as JSON
  Parameters: {"id"=>"10"}
Completed 500 Internal Server Error in 8ms (ActiveRecord: 0.0ms)


  
URI::InvalidURIError (bad URI(is not URI?): https://www.breakingbadapi.com/api/characters/{"format"=>:json, "controller"=>"api/characters", "action"=>"show", "id"=>"10"}):
  
app/controllers/api/characters_controller.rb:13:in `show'
Started GET "/api/characters/10" for ::1 at 2021-06-10 20:43:16 -0700
Processing by Api::CharactersController#show as JSON
  Parameters: {"id"=>"10"}
Completed 200 OK in 705ms (Views: 1.3ms | ActiveRecord: 0.0ms)


Started GET "/api/characters/10" for ::1 at 2021-06-10 20:44:29 -0700
Processing by Api::CharactersController#show as JSON
  Parameters: {"id"=>"10"}
Completed 200 OK in 628ms (Views: 12.7ms | ActiveRecord: 0.0ms)


Started GET "/api/characters/10" for ::1 at 2021-06-10 20:44:56 -0700
Processing by Api::CharactersController#show as JSON
  Parameters: {"id"=>"10"}
Completed 200 OK in 603ms (Views: 0.4ms | ActiveRecord: 0.0ms)


Started GET "/api/characters/10" for ::1 at 2021-06-10 20:45:34 -0700
Processing by Api::CharactersController#show as JSON
  Parameters: {"id"=>"10"}
Completed 200 OK in 615ms (Views: 0.6ms | ActiveRecord: 0.0ms)


Started GET "/api/characters/10" for ::1 at 2021-06-10 20:47:00 -0700
Processing by Api::CharactersController#show as JSON
  Parameters: {"id"=>"10"}
Completed 200 OK in 642ms (Views: 0.5ms | ActiveRecord: 0.0ms)


Started GET "/api/characters/10" for ::1 at 2021-06-10 20:47:42 -0700
Processing by Api::CharactersController#show as JSON
  Parameters: {"id"=>"10"}
Completed 200 OK in 612ms (Views: 0.5ms | ActiveRecord: 0.0ms)


Started GET "/api/characters/10" for ::1 at 2021-06-10 20:47:57 -0700
Processing by Api::CharactersController#show as JSON
  Parameters: {"id"=>"10"}
Completed 200 OK in 635ms (Views: 0.7ms | ActiveRecord: 0.0ms)


Started GET "/api/characters/10" for ::1 at 2021-06-10 20:48:13 -0700
  
SyntaxError (/Users/codingCoding/Desktop/hotel_engine_api/app/controllers/api/characters_controller.rb:16: `@.' is not allowed as an instance variable name
/Users/codingCoding/Desktop/hotel_engine_api/app/controllers/api/characters_controller.rb:16: syntax error, unexpected end-of-input
        render json: @.parsed_response
                     ^):
  
app/controllers/api/characters_controller.rb:16: `@.' is not allowed as an instance variable name
app/controllers/api/characters_controller.rb:16: syntax error, unexpected end-of-input
Started GET "/api/characters/10" for ::1 at 2021-06-10 20:48:15 -0700
  
SyntaxError (/Users/codingCoding/Desktop/hotel_engine_api/app/controllers/api/characters_controller.rb:16: `@.' is not allowed as an instance variable name
/Users/codingCoding/Desktop/hotel_engine_api/app/controllers/api/characters_controller.rb:16: syntax error, unexpected end-of-input
        render json: @.parsed_response
                     ^):
  
app/controllers/api/characters_controller.rb:16: `@.' is not allowed as an instance variable name
app/controllers/api/characters_controller.rb:16: syntax error, unexpected end-of-input
Started GET "/api/characters/10" for ::1 at 2021-06-10 20:48:25 -0700
Processing by Api::CharactersController#show as JSON
  Parameters: {"id"=>"10"}
Completed 200 OK in 624ms (Views: 0.4ms | ActiveRecord: 0.0ms)


Started GET "/api/characters/10" for ::1 at 2021-06-10 20:49:18 -0700
Processing by Api::CharactersController#show as JSON
  Parameters: {"id"=>"10"}
Completed 200 OK in 619ms (Views: 1.1ms | ActiveRecord: 0.0ms)


Started GET "/api/characters/" for ::1 at 2021-06-10 20:55:37 -0700
Processing by Api::CharactersController#index as JSON
Completed 200 OK in 773ms (Views: 40.8ms | ActiveRecord: 0.0ms)


Started GET "/api/characters/10" for ::1 at 2021-06-10 20:56:35 -0700
Processing by Api::CharactersController#show as JSON
  Parameters: {"id"=>"10"}
Completed 200 OK in 608ms (Views: 0.4ms | ActiveRecord: 0.0ms)


Started GET "/api/characters/1023232323" for ::1 at 2021-06-10 20:56:40 -0700
Processing by Api::CharactersController#show as JSON
  Parameters: {"id"=>"1023232323"}
Completed 200 OK in 161ms (Views: 0.3ms | ActiveRecord: 0.0ms)


Started GET "/api/characters/1023232323" for ::1 at 2021-06-10 20:57:00 -0700
Processing by Api::CharactersController#show as JSON
  Parameters: {"id"=>"1023232323"}
Completed 200 OK in 614ms (Views: 0.8ms | ActiveRecord: 0.0ms)


Started GET "/api/characters/1023232323" for ::1 at 2021-06-10 20:57:17 -0700
Processing by Api::CharactersController#show as JSON
  Parameters: {"id"=>"1023232323"}
Completed 200 OK in 604ms (Views: 0.2ms | ActiveRecord: 0.0ms)


Started GET "/api/characters/1023232323" for ::1 at 2021-06-10 20:57:28 -0700
Processing by Api::CharactersController#show as JSON
  Parameters: {"id"=>"1023232323"}
Completed 404 Not Found in 612ms (Views: 0.2ms | ActiveRecord: 0.0ms)


Started GET "/api/characters/" for ::1 at 2021-06-10 20:58:03 -0700
Processing by Api::CharactersController#index as JSON
Completed 200 OK in 742ms (Views: 17.4ms | ActiveRecord: 0.0ms)


Started GET "/api/character" for ::1 at 2021-06-10 20:58:07 -0700
  
ActionController::RoutingError (No route matches [GET] "/api/character"):
  
actionpack (5.2.6) lib/action_dispatch/middleware/debug_exceptions.rb:65:in `call'
actionpack (5.2.6) lib/action_dispatch/middleware/show_exceptions.rb:33:in `call'
railties (5.2.6) lib/rails/rack/logger.rb:38:in `call_app'
railties (5.2.6) lib/rails/rack/logger.rb:26:in `block in call'
activesupport (5.2.6) lib/active_support/tagged_logging.rb:71:in `block in tagged'
activesupport (5.2.6) lib/active_support/tagged_logging.rb:28:in `tagged'
activesupport (5.2.6) lib/active_support/tagged_logging.rb:71:in `tagged'
railties (5.2.6) lib/rails/rack/logger.rb:26:in `call'
actionpack (5.2.6) lib/action_dispatch/middleware/remote_ip.rb:81:in `call'
actionpack (5.2.6) lib/action_dispatch/middleware/request_id.rb:27:in `call'
rack (2.2.3) lib/rack/runtime.rb:22:in `call'
activesupport (5.2.6) lib/active_support/cache/strategy/local_cache_middleware.rb:29:in `call'
actionpack (5.2.6) lib/action_dispatch/middleware/executor.rb:14:in `call'
actionpack (5.2.6) lib/action_dispatch/middleware/static.rb:127:in `call'
rack (2.2.3) lib/rack/sendfile.rb:110:in `call'
railties (5.2.6) lib/rails/engine.rb:524:in `call'
puma (3.12.6) lib/puma/configuration.rb:227:in `call'
puma (3.12.6) lib/puma/server.rb:706:in `handle_request'
puma (3.12.6) lib/puma/server.rb:476:in `process_client'
puma (3.12.6) lib/puma/server.rb:334:in `block in run'
puma (3.12.6) lib/puma/thread_pool.rb:135:in `block in spawn_thread'
Started GET "/api/characters" for ::1 at 2021-06-10 20:58:19 -0700
Processing by Api::CharactersController#index as JSON
Completed 200 OK in 701ms (Views: 11.2ms | ActiveRecord: 0.0ms)


Started GET "/api/characters/39" for ::1 at 2021-06-10 21:02:13 -0700
Processing by Api::CharactersController#show as JSON
  Parameters: {"id"=>"39"}
Completed 200 OK in 633ms (Views: 1.4ms | ActiveRecord: 0.0ms)


Started GET "/api/characters/1" for ::1 at 2021-06-10 21:09:40 -0700
Processing by Api::CharactersController#show as JSON
  Parameters: {"id"=>"1"}
Completed 200 OK in 620ms (Views: 2.5ms | ActiveRecord: 0.0ms)


  [1m[35m (99.7ms)[0m  [1m[35mCREATE TABLE "schema_migrations" ("version" character varying NOT NULL PRIMARY KEY)[0m
  ↳ bin/rails:9
  [1m[35m (26.9ms)[0m  [1m[35mCREATE TABLE "ar_internal_metadata" ("key" character varying NOT NULL PRIMARY KEY, "value" character varying, "created_at" timestamp NOT NULL, "updated_at" timestamp NOT NULL)[0m
  ↳ bin/rails:9
  [1m[35m (1.2ms)[0m  [1m[34mSELECT pg_try_advisory_lock(962364678870177765)[0m
  ↳ bin/rails:9
  [1m[35m (2.5ms)[0m  [1m[34mSELECT "schema_migrations"."version" FROM "schema_migrations" ORDER BY "schema_migrations"."version" ASC[0m
  ↳ bin/rails:9
Migrating to CreateCharacters (20210611041125)
  [1m[35m (0.2ms)[0m  [1m[35mBEGIN[0m
  ↳ bin/rails:9
  [1m[35m (62.4ms)[0m  [1m[35mCREATE TABLE "characters" ("id" bigserial primary key, "char_id" integer NOT NULL, "name" character varying NOT NULL, "birthday" character varying, "occupation" character varying[] DEFAULT '{}', "img" character varying, "status" character varying, "nickname" character varying, "appearance" integer[] DEFAULT '{}', "portrayed" character varying, "category" character varying, "better_call_saul_appearance" character varying[] DEFAULT '{}', "created_at" timestamp NOT NULL, "updated_at" timestamp NOT NULL)[0m
  ↳ db/migrate/20210611041125_create_characters.rb:3
  [1m[35m (57.5ms)[0m  [1m[35mCREATE  INDEX  "index_products_on_char_id" ON "products"  ("char_id")[0m
  ↳ db/migrate/20210611041125_create_characters.rb:18
  [1m[35m (0.1ms)[0m  [1m[31mROLLBACK[0m
  ↳ bin/rails:9
  [1m[35m (0.3ms)[0m  [1m[34mSELECT pg_advisory_unlock(962364678870177765)[0m
  ↳ bin/rails:9
  [1m[35m (0.4ms)[0m  [1m[34mSELECT pg_try_advisory_lock(962364678870177765)[0m
  ↳ bin/rails:9
  [1m[35m (5.9ms)[0m  [1m[34mSELECT "schema_migrations"."version" FROM "schema_migrations" ORDER BY "schema_migrations"."version" ASC[0m
  ↳ bin/rails:9
Migrating to CreateCharacters (20210611041125)
  [1m[35m (0.2ms)[0m  [1m[35mBEGIN[0m
  ↳ bin/rails:9
  [1m[35m (35.6ms)[0m  [1m[35mCREATE TABLE "characters" ("id" bigserial primary key, "char_id" integer NOT NULL, "name" character varying NOT NULL, "birthday" character varying, "occupation" character varying[] DEFAULT '{}', "img" character varying, "status" character varying, "nickname" character varying, "appearance" integer[] DEFAULT '{}', "portrayed" character varying, "category" character varying, "better_call_saul_appearance" character varying[] DEFAULT '{}', "created_at" timestamp NOT NULL, "updated_at" timestamp NOT NULL)[0m
  ↳ db/migrate/20210611041125_create_characters.rb:3
  [1m[35m (1.8ms)[0m  [1m[35mCREATE  INDEX  "index_characters_on_char_id" ON "characters"  ("char_id")[0m
  ↳ db/migrate/20210611041125_create_characters.rb:18
  [1m[35m (1.7ms)[0m  [1m[35mCREATE  INDEX  "index_characters_on_name" ON "characters"  ("name")[0m
  ↳ db/migrate/20210611041125_create_characters.rb:19
  [1m[36mActiveRecord::SchemaMigration Create (7.6ms)[0m  [1m[32mINSERT INTO "schema_migrations" ("version") VALUES ($1) RETURNING "version"[0m  [["version", "20210611041125"]]
  ↳ bin/rails:9
  [1m[35m (0.7ms)[0m  [1m[35mCOMMIT[0m
  ↳ bin/rails:9
  [1m[36mActiveRecord::InternalMetadata Load (3.0ms)[0m  [1m[34mSELECT  "ar_internal_metadata".* FROM "ar_internal_metadata" WHERE "ar_internal_metadata"."key" = $1 LIMIT $2[0m  [["key", "environment"], ["LIMIT", 1]]
  ↳ bin/rails:9
  [1m[35m (0.2ms)[0m  [1m[35mBEGIN[0m
  ↳ bin/rails:9
  [1m[36mActiveRecord::InternalMetadata Create (3.7ms)[0m  [1m[32mINSERT INTO "ar_internal_metadata" ("key", "value", "created_at", "updated_at") VALUES ($1, $2, $3, $4) RETURNING "key"[0m  [["key", "environment"], ["value", "development"], ["created_at", "2021-06-11 04:19:14.016924"], ["updated_at", "2021-06-11 04:19:14.016924"]]
  ↳ bin/rails:9
  [1m[35m (0.5ms)[0m  [1m[35mCOMMIT[0m
  ↳ bin/rails:9
  [1m[35m (0.3ms)[0m  [1m[34mSELECT pg_advisory_unlock(962364678870177765)[0m
  ↳ bin/rails:9
  [1m[35m (0.3ms)[0m  [1m[34mSELECT "schema_migrations"."version" FROM "schema_migrations" ORDER BY "schema_migrations"."version" ASC[0m
  ↳ bin/rails:9
  [1m[35m (2.0ms)[0m  [1m[34mSELECT "schema_migrations"."version" FROM "schema_migrations" ORDER BY "schema_migrations"."version" ASC[0m
  ↳ /Users/codingCoding/.rbenv/versions/2.5.1/bin/annotate:23
Started GET "/api/characters/1" for ::1 at 2021-06-10 22:30:01 -0700
  [1m[35m (5.1ms)[0m  [1m[34mSELECT "schema_migrations"."version" FROM "schema_migrations" ORDER BY "schema_migrations"."version" ASC[0m
  ↳ /Users/codingCoding/.rbenv/versions/2.5.1/lib/ruby/gems/2.5.0/gems/activerecord-5.2.6/lib/active_record/log_subscriber.rb:98
Processing by Api::CharactersController#show as JSON
  Parameters: {"id"=>"1"}
  [1m[36mCharacter Load (26.1ms)[0m  [1m[34mSELECT  "characters".* FROM "characters" WHERE "characters"."id" = $1 LIMIT $2[0m  [["id", 1], ["LIMIT", 1]]
  ↳ app/controllers/api/characters_controller.rb:27
Completed 404 Not Found in 78ms (ActiveRecord: 65.1ms)


  
ActiveRecord::RecordNotFound (Couldn't find Character with 'id'=1):
  
app/controllers/api/characters_controller.rb:27:in `show'
  [1m[36mCharacter Load (0.8ms)[0m  [1m[34mSELECT  "characters".* FROM "characters" LIMIT $1[0m  [["LIMIT", 11]]
Started GET "/" for ::1 at 2021-06-11 11:16:02 -0700
  [1m[35m (6.0ms)[0m  [1m[34mSELECT "schema_migrations"."version" FROM "schema_migrations" ORDER BY "schema_migrations"."version" ASC[0m
  ↳ /Users/codingCoding/.rbenv/versions/2.5.1/lib/ruby/gems/2.5.0/gems/activerecord-5.2.6/lib/active_record/log_subscriber.rb:98
Processing by Rails::WelcomeController#index as HTML
  Rendering /Users/codingCoding/.rbenv/versions/2.5.1/lib/ruby/gems/2.5.0/gems/railties-5.2.6/lib/rails/templates/rails/welcome/index.html.erb
  Rendered /Users/codingCoding/.rbenv/versions/2.5.1/lib/ruby/gems/2.5.0/gems/railties-5.2.6/lib/rails/templates/rails/welcome/index.html.erb (15.7ms)
Completed 200 OK in 44ms (Views: 35.3ms | ActiveRecord: 0.0ms)


Started GET "/api/characters" for ::1 at 2021-06-11 11:21:51 -0700
Processing by Api::CharactersController#index as JSON
Completed 200 OK in 472ms (Views: 15.8ms | ActiveRecord: 0.0ms)


Started GET "/api/characters/1" for ::1 at 2021-06-11 11:22:32 -0700
Processing by Api::CharactersController#show as JSON
  Parameters: {"id"=>"1"}
  [1m[36mCharacter Load (11.1ms)[0m  [1m[34mSELECT  "characters".* FROM "characters" WHERE "characters"."id" = $1 LIMIT $2[0m  [["id", 1], ["LIMIT", 1]]
  ↳ app/controllers/api/characters_controller.rb:27
Completed 404 Not Found in 210ms (ActiveRecord: 150.8ms)


  
ActiveRecord::RecordNotFound (Couldn't find Character with 'id'=1):
  
app/controllers/api/characters_controller.rb:27:in `show'
Started GET "/api/characters/1" for ::1 at 2021-06-11 11:23:55 -0700
Processing by Api::CharactersController#show as JSON
  Parameters: {"id"=>"1"}
  [1m[36mCharacter Load (2.4ms)[0m  [1m[34mSELECT  "characters".* FROM "characters" WHERE "characters"."id" = $1 LIMIT $2[0m  [["id", 1], ["LIMIT", 1]]
  ↳ app/controllers/api/characters_controller.rb:27
Completed 404 Not Found in 5ms (ActiveRecord: 2.4ms)


  
ActiveRecord::RecordNotFound (Couldn't find Character with 'id'=1):
  
app/controllers/api/characters_controller.rb:27:in `show'
Started GET "/api/characters/1" for ::1 at 2021-06-11 11:26:00 -0700
Processing by Api::CharactersController#show as JSON
  Parameters: {"id"=>"1"}
  [1m[36mCharacter Load (0.4ms)[0m  [1m[34mSELECT  "characters".* FROM "characters" WHERE "characters"."id" = $1 LIMIT $2[0m  [["id", 1], ["LIMIT", 1]]
  ↳ app/controllers/api/characters_controller.rb:27
Completed 404 Not Found in 63ms (ActiveRecord: 44.2ms)


  
ActiveRecord::RecordNotFound (Couldn't find Character with 'id'=1):
  
app/controllers/api/characters_controller.rb:27:in `show'
Started GET "/api/characters/1" for ::1 at 2021-06-11 11:27:55 -0700
Processing by Api::CharactersController#show as JSON
  Parameters: {"id"=>"1"}
Completed 200 OK in 262ms (Views: 0.5ms | ActiveRecord: 0.0ms)


Started GET "/api/characters/1" for ::1 at 2021-06-11 11:28:13 -0700
Processing by Api::CharactersController#show as JSON
  Parameters: {"id"=>"1"}
  [1m[36mCharacter Load (0.4ms)[0m  [1m[34mSELECT  "characters".* FROM "characters" WHERE "characters"."id" = $1 LIMIT $2[0m  [["id", 1], ["LIMIT", 1]]
  ↳ app/controllers/api/characters_controller.rb:27
Completed 404 Not Found in 35ms (ActiveRecord: 17.1ms)


  
ActiveRecord::RecordNotFound (Couldn't find Character with 'id'=1):
  
app/controllers/api/characters_controller.rb:27:in `show'
Started GET "/api/characters/1" for ::1 at 2021-06-11 11:28:24 -0700
Processing by Api::CharactersController#show as JSON
  Parameters: {"id"=>"1"}
  [1m[36mCharacter Load (4.3ms)[0m  [1m[34mSELECT  "characters".* FROM "characters" WHERE "characters"."id" = $1 LIMIT $2[0m  [["id", 1], ["LIMIT", 1]]
  ↳ app/controllers/api/characters_controller.rb:27
Completed 404 Not Found in 24ms (ActiveRecord: 13.7ms)


  
ActiveRecord::RecordNotFound (Couldn't find Character with 'id'=1):
  
app/controllers/api/characters_controller.rb:27:in `show'
Started GET "/api/characters/1" for ::1 at 2021-06-11 11:28:42 -0700
Processing by Api::CharactersController#show as JSON
  Parameters: {"id"=>"1"}
  [1m[36mCharacter Load (0.5ms)[0m  [1m[34mSELECT  "characters".* FROM "characters" WHERE "characters"."id" = $1 LIMIT $2[0m  [["id", 1], ["LIMIT", 1]]
  ↳ app/controllers/api/characters_controller.rb:27
Completed 404 Not Found in 23ms (ActiveRecord: 14.7ms)


  
ActiveRecord::RecordNotFound (Couldn't find Character with 'id'=1):
  
app/controllers/api/characters_controller.rb:27:in `show'
Started GET "/api/characters/1" for ::1 at 2021-06-11 11:28:57 -0700
Processing by Api::CharactersController#show as JSON
  Parameters: {"id"=>"1"}
  [1m[36mCharacter Load (0.9ms)[0m  [1m[34mSELECT  "characters".* FROM "characters" WHERE "characters"."id" = $1 LIMIT $2[0m  [["id", 1], ["LIMIT", 1]]
  ↳ app/controllers/api/characters_controller.rb:27
Completed 404 Not Found in 56ms (ActiveRecord: 16.9ms)


  
ActiveRecord::RecordNotFound (Couldn't find Character with 'id'=1):
  
app/controllers/api/characters_controller.rb:27:in `show'
  [1m[36mCharacter Load (25.6ms)[0m  [1m[34mSELECT  "characters".* FROM "characters" WHERE "characters"."id" = $1 LIMIT $2[0m  [["id", 1], ["LIMIT", 1]]
Started GET "/api/characters/1" for ::1 at 2021-06-11 11:29:30 -0700
Processing by Api::CharactersController#show as JSON
  Parameters: {"id"=>"1"}
  [1m[36mCharacter Load (0.3ms)[0m  [1m[34mSELECT  "characters".* FROM "characters" WHERE "characters"."id" = $1 LIMIT $2[0m  [["id", 1], ["LIMIT", 1]]
  ↳ app/controllers/api/characters_controller.rb:27
Completed 404 Not Found in 28ms (ActiveRecord: 14.8ms)


  
ActiveRecord::RecordNotFound (Couldn't find Character with 'id'=1):
  
app/controllers/api/characters_controller.rb:27:in `show'
Started GET "/api/characters/1" for ::1 at 2021-06-11 11:29:46 -0700
  [1m[35m (2.5ms)[0m  [1m[34mSELECT "schema_migrations"."version" FROM "schema_migrations" ORDER BY "schema_migrations"."version" ASC[0m
  ↳ /Users/codingCoding/.rbenv/versions/2.5.1/lib/ruby/gems/2.5.0/gems/activerecord-5.2.6/lib/active_record/log_subscriber.rb:98
Processing by Api::CharactersController#show as JSON
  Parameters: {"id"=>"1"}
  [1m[36mCharacter Load (23.9ms)[0m  [1m[34mSELECT  "characters".* FROM "characters" WHERE "characters"."id" = $1 LIMIT $2[0m  [["id", 1], ["LIMIT", 1]]
  ↳ app/controllers/api/characters_controller.rb:27
Completed 404 Not Found in 75ms (ActiveRecord: 64.4ms)


  
ActiveRecord::RecordNotFound (Couldn't find Character with 'id'=1):
  
app/controllers/api/characters_controller.rb:27:in `show'
Started GET "/api/characters/1" for ::1 at 2021-06-11 11:30:49 -0700
Processing by Api::CharactersController#show as JSON
  Parameters: {"id"=>"1"}
  [1m[36mCharacter Load (0.6ms)[0m  [1m[34mSELECT  "characters".* FROM "characters" WHERE "characters"."id" = $1 LIMIT $2[0m  [["id", 1], ["LIMIT", 1]]
  ↳ app/controllers/api/characters_controller.rb:27
Completed 404 Not Found in 34ms (ActiveRecord: 20.1ms)


  
ActiveRecord::RecordNotFound (Couldn't find Character with 'id'=1):
  
app/controllers/api/characters_controller.rb:27:in `show'
Started GET "/api/characters/1" for ::1 at 2021-06-11 11:31:30 -0700
Processing by Api::CharactersController#show as JSON
  Parameters: {"id"=>"1"}
  [1m[36mCharacter Load (0.4ms)[0m  [1m[34mSELECT  "characters".* FROM "characters" WHERE "characters"."id" = $1 LIMIT $2[0m  [["id", 1], ["LIMIT", 1]]
  ↳ app/controllers/api/characters_controller.rb:27
Completed 404 Not Found in 28ms (ActiveRecord: 18.5ms)


  
ActiveRecord::RecordNotFound (Couldn't find Character with 'id'=1):
  
app/controllers/api/characters_controller.rb:27:in `show'
Started GET "/api/characters/1" for ::1 at 2021-06-11 11:31:32 -0700
Processing by Api::CharactersController#show as JSON
  Parameters: {"id"=>"1"}
  [1m[36mCharacter Load (0.5ms)[0m  [1m[34mSELECT  "characters".* FROM "characters" WHERE "characters"."id" = $1 LIMIT $2[0m  [["id", 1], ["LIMIT", 1]]
  ↳ app/controllers/api/characters_controller.rb:27
Completed 404 Not Found in 2ms (ActiveRecord: 0.5ms)


  
ActiveRecord::RecordNotFound (Couldn't find Character with 'id'=1):
  
app/controllers/api/characters_controller.rb:27:in `show'
Started GET "/api/characters/1" for ::1 at 2021-06-11 11:31:52 -0700
Processing by Api::CharactersController#show as JSON
  Parameters: {"id"=>"1"}
  [1m[36mCharacter Load (0.7ms)[0m  [1m[34mSELECT  "characters".* FROM "characters" WHERE "characters"."id" = $1 LIMIT $2[0m  [["id", 1], ["LIMIT", 1]]
  ↳ app/controllers/api/characters_controller.rb:27
Completed 404 Not Found in 21ms (ActiveRecord: 9.7ms)


  
ActiveRecord::RecordNotFound (Couldn't find Character with 'id'=1):
  
app/controllers/api/characters_controller.rb:27:in `show'
Started GET "/api/characters/1" for ::1 at 2021-06-11 11:32:48 -0700
Processing by Api::CharactersController#show as JSON
  Parameters: {"id"=>"1"}
  [1m[36mCharacter Load (0.5ms)[0m  [1m[34mSELECT  "characters".* FROM "characters" WHERE "characters"."id" = $1 LIMIT $2[0m  [["id", 1], ["LIMIT", 1]]
  ↳ app/controllers/api/characters_controller.rb:27
Completed 404 Not Found in 20ms (ActiveRecord: 10.8ms)


  
ActiveRecord::RecordNotFound (Couldn't find Character with 'id'=1):
  
app/controllers/api/characters_controller.rb:27:in `show'
  [1m[36mCharacter Load (1.5ms)[0m  [1m[34mSELECT  "characters".* FROM "characters" WHERE "characters"."id" = $1 LIMIT $2[0m  [["id", 1], ["LIMIT", 1]]
  [1m[36mCharacter Load (1.0ms)[0m  [1m[34mSELECT  "characters".* FROM "characters" WHERE "characters"."id" = $1 LIMIT $2[0m  [["id", 1], ["LIMIT", 1]]
Started GET "/api/characters/1" for ::1 at 2021-06-11 11:33:33 -0700
Processing by Api::CharactersController#show as JSON
  Parameters: {"id"=>"1"}
  [1m[36mCharacter Load (0.4ms)[0m  [1m[34mSELECT  "characters".* FROM "characters" WHERE "characters"."id" = $1 LIMIT $2[0m  [["id", 1], ["LIMIT", 1]]
  ↳ app/controllers/api/characters_controller.rb:27
Completed 404 Not Found in 13ms (Views: 0.2ms | ActiveRecord: 3.4ms)


Started GET "/api/characters/1" for ::1 at 2021-06-11 11:33:49 -0700
Processing by Api::CharactersController#show as JSON
  Parameters: {"id"=>"1"}
  [1m[36mCharacter Load (0.4ms)[0m  [1m[34mSELECT  "characters".* FROM "characters" WHERE "characters"."id" = $1 LIMIT $2[0m  [["id", 1], ["LIMIT", 1]]
  ↳ app/controllers/api/characters_controller.rb:27
Completed 500 Internal Server Error in 234ms (ActiveRecord: 7.6ms)


  
NameError (undefined local variable or method `url' for #<Api::CharactersController:0x00007fa6dccb6800>
Did you mean?  URI):
  
app/controllers/api/characters_controller.rb:33:in `show'
Started GET "/api/characters/1" for ::1 at 2021-06-11 11:34:14 -0700
Processing by Api::CharactersController#show as JSON
  Parameters: {"id"=>"1"}
  [1m[36mCharacter Load (0.4ms)[0m  [1m[34mSELECT  "characters".* FROM "characters" WHERE "characters"."id" = $1 LIMIT $2[0m  [["id", 1], ["LIMIT", 1]]
  ↳ app/controllers/api/characters_controller.rb:27
Completed 200 OK in 1322ms (Views: 0.3ms | ActiveRecord: 6.1ms)


Started GET "/api/characters/1" for ::1 at 2021-06-11 11:34:43 -0700
Processing by Api::CharactersController#show as JSON
  Parameters: {"id"=>"1"}
  [1m[36mCharacter Load (0.5ms)[0m  [1m[34mSELECT  "characters".* FROM "characters" WHERE "characters"."id" = $1 LIMIT $2[0m  [["id", 1], ["LIMIT", 1]]
  ↳ app/controllers/api/characters_controller.rb:27
Completed 200 OK in 637ms (Views: 1.1ms | ActiveRecord: 3.6ms)


Started GET "/api/characters/1" for ::1 at 2021-06-11 11:35:02 -0700
Processing by Api::CharactersController#show as JSON
  Parameters: {"id"=>"1"}
  [1m[36mCharacter Load (0.3ms)[0m  [1m[34mSELECT  "characters".* FROM "characters" WHERE "characters"."id" = $1 LIMIT $2[0m  [["id", 1], ["LIMIT", 1]]
  ↳ app/controllers/api/characters_controller.rb:27
Completed 500 Internal Server Error in 170ms (ActiveRecord: 2.8ms)


  
NoMethodError (undefined method `char_id' for #<Array:0x00007fa6df852f90>):
  
app/controllers/api/characters_controller.rb:33:in `show'
Started GET "/api/characters/1" for ::1 at 2021-06-11 11:35:27 -0700
Processing by Api::CharactersController#show as JSON
  Parameters: {"id"=>"1"}
  [1m[36mCharacter Load (6.1ms)[0m  [1m[34mSELECT  "characters".* FROM "characters" WHERE "characters"."id" = $1 LIMIT $2[0m  [["id", 1], ["LIMIT", 1]]
  ↳ app/controllers/api/characters_controller.rb:27
Completed 500 Internal Server Error in 694ms (ActiveRecord: 25.4ms)


  
NoMethodError (undefined method `char_id' for #<Array:0x00007fa6dce41288>):
  
app/controllers/api/characters_controller.rb:34:in `show'
Started GET "/api/characters/1" for ::1 at 2021-06-11 11:35:40 -0700
Processing by Api::CharactersController#show as JSON
  Parameters: {"id"=>"1"}
  [1m[36mCharacter Load (0.9ms)[0m  [1m[34mSELECT  "characters".* FROM "characters" WHERE "characters"."id" = $1 LIMIT $2[0m  [["id", 1], ["LIMIT", 1]]
  ↳ app/controllers/api/characters_controller.rb:27
Completed 200 OK in 1309ms (Views: 1.6ms | ActiveRecord: 5.7ms)


Started GET "/api/characters/1" for ::1 at 2021-06-11 11:36:11 -0700
Processing by Api::CharactersController#show as JSON
  Parameters: {"id"=>"1"}
  [1m[36mCharacter Load (0.5ms)[0m  [1m[34mSELECT  "characters".* FROM "characters" WHERE "characters"."id" = $1 LIMIT $2[0m  [["id", 1], ["LIMIT", 1]]
  ↳ app/controllers/api/characters_controller.rb:27
Completed 200 OK in 188ms (Views: 0.6ms | ActiveRecord: 10.9ms)


Started GET "/api/characters/1" for ::1 at 2021-06-11 11:36:47 -0700
Processing by Api::CharactersController#show as JSON
  Parameters: {"id"=>"1"}
  [1m[36mCharacter Load (0.2ms)[0m  [1m[34mSELECT  "characters".* FROM "characters" WHERE "characters"."id" = $1 LIMIT $2[0m  [["id", 1], ["LIMIT", 1]]
  ↳ app/controllers/api/characters_controller.rb:27
Completed 500 Internal Server Error in 630ms (ActiveRecord: 3.2ms)


  
NoMethodError (undefined method `char_id' for #<Hash:0x00007fa6dc2ce568>):
  
app/controllers/api/characters_controller.rb:33:in `show'
Started GET "/api/characters/1" for ::1 at 2021-06-11 11:38:42 -0700
Processing by Api::CharactersController#show as JSON
  Parameters: {"id"=>"1"}
  [1m[36mCharacter Load (0.8ms)[0m  [1m[34mSELECT  "characters".* FROM "characters" WHERE "characters"."id" = $1 LIMIT $2[0m  [["id", 1], ["LIMIT", 1]]
  ↳ app/controllers/api/characters_controller.rb:27
Completed 500 Internal Server Error in 1308ms (ActiveRecord: 14.8ms)


  
TypeError (no implicit conversion of Hash into String):
  
app/controllers/api/characters_controller.rb:33:in `show'
Started GET "/api/characters/1" for ::1 at 2021-06-11 11:39:34 -0700
Processing by Api::CharactersController#show as JSON
  Parameters: {"id"=>"1"}
  [1m[36mCharacter Load (0.3ms)[0m  [1m[34mSELECT  "characters".* FROM "characters" WHERE "characters"."id" = $1 LIMIT $2[0m  [["id", 1], ["LIMIT", 1]]
  ↳ app/controllers/api/characters_controller.rb:27
Completed 500 Internal Server Error in 501ms (ActiveRecord: 8.0ms)


  
NameError (undefined local variable or method `json' for #<Api::CharactersController:0x00007fa6dd4e9f18>
Did you mean?  JSON):
  
app/controllers/api/characters_controller.rb:33:in `show'
Started GET "/api/characters/1" for ::1 at 2021-06-11 11:40:23 -0700
Processing by Api::CharactersController#show as JSON
  Parameters: {"id"=>"1"}
  [1m[36mCharacter Load (0.2ms)[0m  [1m[34mSELECT  "characters".* FROM "characters" WHERE "characters"."id" = $1 LIMIT $2[0m  [["id", 1], ["LIMIT", 1]]
  ↳ app/controllers/api/characters_controller.rb:27
Completed 200 OK in 1289ms (Views: 0.6ms | ActiveRecord: 3.6ms)


Started GET "/api/characters/1" for ::1 at 2021-06-11 11:40:48 -0700
Processing by Api::CharactersController#show as JSON
  Parameters: {"id"=>"1"}
  [1m[36mCharacter Load (1.1ms)[0m  [1m[34mSELECT  "characters".* FROM "characters" WHERE "characters"."id" = $1 LIMIT $2[0m  [["id", 1], ["LIMIT", 1]]
  ↳ app/controllers/api/characters_controller.rb:27
Completed 200 OK in 284ms (Views: 0.3ms | ActiveRecord: 24.2ms)


Started GET "/api/characters/1" for ::1 at 2021-06-11 11:40:59 -0700
Processing by Api::CharactersController#show as JSON
  Parameters: {"id"=>"1"}
  [1m[36mCharacter Load (1.3ms)[0m  [1m[34mSELECT  "characters".* FROM "characters" WHERE "characters"."id" = $1 LIMIT $2[0m  [["id", 1], ["LIMIT", 1]]
  ↳ app/controllers/api/characters_controller.rb:27
Completed 500 Internal Server Error in 199ms (ActiveRecord: 5.4ms)


  
NoMethodError (undefined method `parsed_response' for #<Hash:0x00007fa6dfa13988>):
  
app/controllers/api/characters_controller.rb:33:in `show'
Started GET "/api/characters/1" for ::1 at 2021-06-11 11:41:12 -0700
Processing by Api::CharactersController#show as JSON
  Parameters: {"id"=>"1"}
  [1m[36mCharacter Load (0.3ms)[0m  [1m[34mSELECT  "characters".* FROM "characters" WHERE "characters"."id" = $1 LIMIT $2[0m  [["id", 1], ["LIMIT", 1]]
  ↳ app/controllers/api/characters_controller.rb:27
Completed 200 OK in 660ms (Views: 0.4ms | ActiveRecord: 9.2ms)


Started GET "/api/characters/1" for ::1 at 2021-06-11 11:42:51 -0700
Processing by Api::CharactersController#show as JSON
  Parameters: {"id"=>"1"}
  [1m[36mCharacter Load (0.4ms)[0m  [1m[34mSELECT  "characters".* FROM "characters" WHERE "characters"."id" = $1 LIMIT $2[0m  [["id", 1], ["LIMIT", 1]]
  ↳ app/controllers/api/characters_controller.rb:27
Completed 500 Internal Server Error in 198ms (ActiveRecord: 5.6ms)


  
TypeError (no implicit conversion of Hash into String):
  
app/controllers/api/characters_controller.rb:33:in `show'
Started GET "/api/characters/1" for ::1 at 2021-06-11 11:43:17 -0700
Processing by Api::CharactersController#show as JSON
  Parameters: {"id"=>"1"}
  [1m[36mCharacter Load (1.1ms)[0m  [1m[34mSELECT  "characters".* FROM "characters" WHERE "characters"."id" = $1 LIMIT $2[0m  [["id", 1], ["LIMIT", 1]]
  ↳ app/controllers/api/characters_controller.rb:29
Completed 500 Internal Server Error in 633ms (ActiveRecord: 12.3ms)


  
TypeError (no implicit conversion of Hash into String):
  
app/controllers/api/characters_controller.rb:35:in `show'
Started GET "/api/characters/1" for ::1 at 2021-06-11 11:43:48 -0700
Processing by Api::CharactersController#show as JSON
  Parameters: {"id"=>"1"}
  [1m[36mCharacter Load (0.4ms)[0m  [1m[34mSELECT  "characters".* FROM "characters" WHERE "characters"."id" = $1 LIMIT $2[0m  [["id", 1], ["LIMIT", 1]]
  ↳ app/controllers/api/characters_controller.rb:28
Completed 200 OK in 175ms (Views: 0.5ms | ActiveRecord: 9.0ms)


Started GET "/api/characters/" for ::1 at 2021-06-11 11:44:02 -0700
Processing by Api::CharactersController#index as JSON
Completed 200 OK in 702ms (Views: 11.4ms | ActiveRecord: 0.0ms)


Started GET "/api/characters/1" for ::1 at 2021-06-11 11:44:37 -0700
Processing by Api::CharactersController#show as JSON
  Parameters: {"id"=>"1"}
  [1m[36mCharacter Load (1.0ms)[0m  [1m[34mSELECT  "characters".* FROM "characters" WHERE "characters"."id" = $1 LIMIT $2[0m  [["id", 1], ["LIMIT", 1]]
  ↳ app/controllers/api/characters_controller.rb:28
Completed 200 OK in 164ms (Views: 0.6ms | ActiveRecord: 1.0ms)


Started GET "/api/characters/1" for ::1 at 2021-06-11 11:44:57 -0700
Processing by Api::CharactersController#show as JSON
  Parameters: {"id"=>"1"}
  [1m[36mCharacter Load (0.7ms)[0m  [1m[34mSELECT  "characters".* FROM "characters" WHERE "characters"."id" = $1 LIMIT $2[0m  [["id", 1], ["LIMIT", 1]]
  ↳ app/controllers/api/characters_controller.rb:28
Completed 200 OK in 183ms (Views: 0.8ms | ActiveRecord: 4.2ms)


Started GET "/api/characters/1" for ::1 at 2021-06-11 11:45:22 -0700
Processing by Api::CharactersController#show as JSON
  Parameters: {"id"=>"1"}
  [1m[36mCharacter Load (0.4ms)[0m  [1m[34mSELECT  "characters".* FROM "characters" WHERE "characters"."id" = $1 LIMIT $2[0m  [["id", 1], ["LIMIT", 1]]
  ↳ app/controllers/api/characters_controller.rb:28
Completed 200 OK in 164ms (Views: 0.6ms | ActiveRecord: 0.4ms)


Started GET "/api/characters/1" for ::1 at 2021-06-11 11:50:20 -0700
Processing by Api::CharactersController#show as JSON
  Parameters: {"id"=>"1"}
  [1m[36mCharacter Load (0.7ms)[0m  [1m[34mSELECT  "characters".* FROM "characters" WHERE "characters"."id" = $1 LIMIT $2[0m  [["id", 1], ["LIMIT", 1]]
  ↳ app/controllers/api/characters_controller.rb:28
Completed 500 Internal Server Error in 655ms (ActiveRecord: 18.5ms)


  
TypeError (no implicit conversion of Hash into String):
  
app/controllers/api/characters_controller.rb:34:in `show'
Started GET "/api/characters/1" for ::1 at 2021-06-11 11:50:46 -0700
Processing by Api::CharactersController#show as JSON
  Parameters: {"id"=>"1"}
  [1m[36mCharacter Load (0.8ms)[0m  [1m[34mSELECT  "characters".* FROM "characters" WHERE "characters"."id" = $1 LIMIT $2[0m  [["id", 1], ["LIMIT", 1]]
  ↳ app/controllers/api/characters_controller.rb:28
Completed 200 OK in 181ms (Views: 1.1ms | ActiveRecord: 4.7ms)


Started GET "/api/characters/1" for ::1 at 2021-06-11 11:51:09 -0700
Processing by Api::CharactersController#show as JSON
  Parameters: {"id"=>"1"}
  [1m[36mCharacter Load (0.3ms)[0m  [1m[34mSELECT  "characters".* FROM "characters" WHERE "characters"."id" = $1 LIMIT $2[0m  [["id", 1], ["LIMIT", 1]]
  ↳ app/controllers/api/characters_controller.rb:28
Completed 200 OK in 176ms (Views: 1.1ms | ActiveRecord: 5.7ms)


Started GET "/api/characters/1" for ::1 at 2021-06-11 11:51:19 -0700
Processing by Api::CharactersController#show as JSON
  Parameters: {"id"=>"1"}
  [1m[36mCharacter Load (0.4ms)[0m  [1m[34mSELECT  "characters".* FROM "characters" WHERE "characters"."id" = $1 LIMIT $2[0m  [["id", 1], ["LIMIT", 1]]
  ↳ app/controllers/api/characters_controller.rb:28
Completed 200 OK in 608ms (Views: 0.6ms | ActiveRecord: 4.4ms)


Started GET "/api/characters/1" for ::1 at 2021-06-11 12:04:38 -0700
Processing by Api::CharactersController#show as JSON
  Parameters: {"id"=>"1"}
  [1m[36mCharacter Load (24.1ms)[0m  [1m[34mSELECT  "characters".* FROM "characters" WHERE "characters"."id" = $1 LIMIT $2[0m  [["id", 1], ["LIMIT", 1]]
  ↳ app/controllers/api/characters_controller.rb:28
Completed 500 Internal Server Error in 672ms (ActiveRecord: 66.2ms)


  
NameError (undefined local variable or method `character_params' for #<Api::CharactersController:0x00007fa6dcac5708>):
  
app/controllers/api/characters_controller.rb:36:in `show'
Started GET "/api/characters/1" for ::1 at 2021-06-11 12:05:09 -0700
Processing by Api::CharactersController#show as JSON
  Parameters: {"id"=>"1"}
  [1m[36mCharacter Load (0.6ms)[0m  [1m[34mSELECT  "characters".* FROM "characters" WHERE "characters"."id" = $1 LIMIT $2[0m  [["id", 1], ["LIMIT", 1]]
  ↳ app/controllers/api/characters_controller.rb:28
Completed 500 Internal Server Error in 274ms (ActiveRecord: 32.4ms)


  
NoMethodError (undefined method `portrated=' for #<Character:0x00007fa6df898838>
Did you mean?  portrayed=
               portrayed
               portrayed?):
  
app/controllers/api/characters_controller.rb:45:in `show'
Started GET "/api/characters/1" for ::1 at 2021-06-11 12:05:22 -0700
Processing by Api::CharactersController#show as JSON
  Parameters: {"id"=>"1"}
  [1m[36mCharacter Load (0.4ms)[0m  [1m[34mSELECT  "characters".* FROM "characters" WHERE "characters"."id" = $1 LIMIT $2[0m  [["id", 1], ["LIMIT", 1]]
  ↳ app/controllers/api/characters_controller.rb:28
Completed 200 OK in 234ms (Views: 0.5ms | ActiveRecord: 14.4ms)


  [1m[36mCharacter Load (2.7ms)[0m  [1m[34mSELECT "characters".* FROM "characters"[0m
Started GET "/api/characters/1" for ::1 at 2021-06-11 12:16:02 -0700
Processing by Api::CharactersController#show as JSON
  Parameters: {"id"=>"1"}
  [1m[36mCharacter Load (2.3ms)[0m  [1m[34mSELECT  "characters".* FROM "characters" WHERE "characters"."id" = $1 LIMIT $2[0m  [["id", 1], ["LIMIT", 1]]
  ↳ app/controllers/api/characters_controller.rb:28
  [1m[35m (24.9ms)[0m  [1m[35mBEGIN[0m
  ↳ app/controllers/api/characters_controller.rb:50
  [1m[36mCharacter Exists (1.4ms)[0m  [1m[34mSELECT  1 AS one FROM "characters" WHERE "characters"."char_id" = $1 LIMIT $2[0m  [["char_id", 1], ["LIMIT", 1]]
  ↳ app/controllers/api/characters_controller.rb:50
  [1m[36mCharacter Exists (15.3ms)[0m  [1m[34mSELECT  1 AS one FROM "characters" WHERE "characters"."name" = $1 LIMIT $2[0m  [["name", "Walter White"], ["LIMIT", 1]]
  ↳ app/controllers/api/characters_controller.rb:50
  [1m[36mCharacter Create (48.5ms)[0m  [1m[32mINSERT INTO "characters" ("char_id", "name", "birthday", "occupation", "img", "status", "nickname", "appearance", "portrayed", "category", "created_at", "updated_at") VALUES ($1, $2, $3, $4, $5, $6, $7, $8, $9, $10, $11, $12) RETURNING "id"[0m  [["char_id", 1], ["name", "Walter White"], ["birthday", "09-07-1958"], ["occupation", "{\"High School Chemistry Teacher\",\"Meth King Pin\"}"], ["img", "https://images.amcnetworks.com/amc.com/wp-content/uploads/2015/04/cast_bb_700x1000_walter-white-lg.jpg"], ["status", "Presumed dead"], ["nickname", "Heisenberg"], ["appearance", "{1,2,3,4,5}"], ["portrayed", "Bryan Cranston"], ["category", "Breaking Bad"], ["created_at", "2021-06-11 19:16:03.820126"], ["updated_at", "2021-06-11 19:16:03.820126"]]
  ↳ app/controllers/api/characters_controller.rb:50
  [1m[35m (5.3ms)[0m  [1m[35mCOMMIT[0m
  ↳ app/controllers/api/characters_controller.rb:50
Completed 200 OK in 846ms (Views: 0.6ms | ActiveRecord: 158.5ms)


  [1m[36mCharacter Load (3.0ms)[0m  [1m[34mSELECT "characters".* FROM "characters"[0m
Started GET "/api/characters/1" for ::1 at 2021-06-11 12:16:35 -0700
Processing by Api::CharactersController#show as JSON
  Parameters: {"id"=>"1"}
  [1m[36mCharacter Load (1.0ms)[0m  [1m[34mSELECT  "characters".* FROM "characters" WHERE "characters"."id" = $1 LIMIT $2[0m  [["id", 1], ["LIMIT", 1]]
  ↳ app/controllers/api/characters_controller.rb:28
Completed 200 OK in 53ms (Views: 3.5ms | ActiveRecord: 9.2ms)


Started GET "/api/characters/" for ::1 at 2021-06-11 12:16:51 -0700
Processing by Api::CharactersController#index as JSON
Completed 200 OK in 696ms (Views: 18.6ms | ActiveRecord: 0.0ms)


Started GET "/api/characters/1" for ::1 at 2021-06-11 12:16:54 -0700
Processing by Api::CharactersController#show as JSON
  Parameters: {"id"=>"1"}
  [1m[36mCharacter Load (0.6ms)[0m  [1m[34mSELECT  "characters".* FROM "characters" WHERE "characters"."id" = $1 LIMIT $2[0m  [["id", 1], ["LIMIT", 1]]
  ↳ app/controllers/api/characters_controller.rb:28
Completed 200 OK in 3ms (Views: 0.6ms | ActiveRecord: 0.6ms)


Started GET "/api/characters/2" for ::1 at 2021-06-11 12:16:57 -0700
Processing by Api::CharactersController#show as JSON
  Parameters: {"id"=>"2"}
  [1m[36mCharacter Load (10.8ms)[0m  [1m[34mSELECT  "characters".* FROM "characters" WHERE "characters"."id" = $1 LIMIT $2[0m  [["id", 2], ["LIMIT", 1]]
  ↳ app/controllers/api/characters_controller.rb:28
Completed 200 OK in 169ms (Views: 0.7ms | ActiveRecord: 10.8ms)


Started GET "/api/characters/1" for ::1 at 2021-06-11 12:17:02 -0700
Processing by Api::CharactersController#show as JSON
  Parameters: {"id"=>"1"}
  [1m[36mCharacter Load (4.1ms)[0m  [1m[34mSELECT  "characters".* FROM "characters" WHERE "characters"."id" = $1 LIMIT $2[0m  [["id", 1], ["LIMIT", 1]]
  ↳ app/controllers/api/characters_controller.rb:28
Completed 200 OK in 13ms (Views: 5.8ms | ActiveRecord: 4.1ms)


Started GET "/api/characters/2" for ::1 at 2021-06-11 12:24:11 -0700
Processing by Api::CharactersController#show as JSON
  Parameters: {"id"=>"2"}
  [1m[36mCharacter Load (8.2ms)[0m  [1m[34mSELECT  "characters".* FROM "characters" WHERE "characters"."id" = $1 LIMIT $2[0m  [["id", 2], ["LIMIT", 1]]
  ↳ app/controllers/api/characters_controller.rb:28
Completed 200 OK in 471ms (Views: 3.1ms | ActiveRecord: 66.2ms)


  [1m[36mCharacter Load (2.6ms)[0m  [1m[34mSELECT "characters".* FROM "characters"[0m
Started GET "/api/characters/1" for ::1 at 2021-06-11 15:47:28 -0700
  [1m[35m (2.8ms)[0m  [1m[34mSELECT "schema_migrations"."version" FROM "schema_migrations" ORDER BY "schema_migrations"."version" ASC[0m
  ↳ /Users/codingCoding/.rbenv/versions/2.5.1/lib/ruby/gems/2.5.0/gems/activerecord-5.2.6/lib/active_record/log_subscriber.rb:98
Processing by Api::CharactersController#show as JSON
  Parameters: {"id"=>"1"}
  [1m[36mCharacter Load (16.3ms)[0m  [1m[34mSELECT  "characters".* FROM "characters" WHERE "characters"."id" = $1 LIMIT $2[0m  [["id", 1], ["LIMIT", 1]]
  ↳ app/controllers/api/characters_controller.rb:28
Completed 200 OK in 99ms (Views: 2.1ms | ActiveRecord: 41.4ms)


Started GET "/favicon.ico" for ::1 at 2021-06-11 15:47:30 -0700
  
ActionController::RoutingError (No route matches [GET] "/favicon.ico"):
  
actionpack (5.2.6) lib/action_dispatch/middleware/debug_exceptions.rb:65:in `call'
actionpack (5.2.6) lib/action_dispatch/middleware/show_exceptions.rb:33:in `call'
railties (5.2.6) lib/rails/rack/logger.rb:38:in `call_app'
railties (5.2.6) lib/rails/rack/logger.rb:26:in `block in call'
activesupport (5.2.6) lib/active_support/tagged_logging.rb:71:in `block in tagged'
activesupport (5.2.6) lib/active_support/tagged_logging.rb:28:in `tagged'
activesupport (5.2.6) lib/active_support/tagged_logging.rb:71:in `tagged'
railties (5.2.6) lib/rails/rack/logger.rb:26:in `call'
actionpack (5.2.6) lib/action_dispatch/middleware/remote_ip.rb:81:in `call'
actionpack (5.2.6) lib/action_dispatch/middleware/request_id.rb:27:in `call'
rack (2.2.3) lib/rack/runtime.rb:22:in `call'
activesupport (5.2.6) lib/active_support/cache/strategy/local_cache_middleware.rb:29:in `call'
actionpack (5.2.6) lib/action_dispatch/middleware/executor.rb:14:in `call'
actionpack (5.2.6) lib/action_dispatch/middleware/static.rb:127:in `call'
rack (2.2.3) lib/rack/sendfile.rb:110:in `call'
railties (5.2.6) lib/rails/engine.rb:524:in `call'
puma (3.12.6) lib/puma/configuration.rb:227:in `call'
puma (3.12.6) lib/puma/server.rb:706:in `handle_request'
puma (3.12.6) lib/puma/server.rb:476:in `process_client'
puma (3.12.6) lib/puma/server.rb:334:in `block in run'
puma (3.12.6) lib/puma/thread_pool.rb:135:in `block in spawn_thread'
Started GET "/api/characters/1" for ::1 at 2021-06-11 15:47:47 -0700
Processing by Api::CharactersController#show as JSON
  Parameters: {"id"=>"1"}
  [1m[36mCharacter Load (0.9ms)[0m  [1m[34mSELECT  "characters".* FROM "characters" WHERE "characters"."id" = $1 LIMIT $2[0m  [["id", 1], ["LIMIT", 1]]
  ↳ app/controllers/api/characters_controller.rb:28
Completed 200 OK in 4ms (Views: 1.0ms | ActiveRecord: 0.9ms)


  [1m[36mCharacter Load (10.9ms)[0m  [1m[34mSELECT "characters".* FROM "characters"[0m
Started GET "/api/characters/1/name" for ::1 at 2021-06-11 15:48:29 -0700
  
ActionController::RoutingError (No route matches [GET] "/api/characters/1/name"):
  
actionpack (5.2.6) lib/action_dispatch/middleware/debug_exceptions.rb:65:in `call'
actionpack (5.2.6) lib/action_dispatch/middleware/show_exceptions.rb:33:in `call'
railties (5.2.6) lib/rails/rack/logger.rb:38:in `call_app'
railties (5.2.6) lib/rails/rack/logger.rb:26:in `block in call'
activesupport (5.2.6) lib/active_support/tagged_logging.rb:71:in `block in tagged'
activesupport (5.2.6) lib/active_support/tagged_logging.rb:28:in `tagged'
activesupport (5.2.6) lib/active_support/tagged_logging.rb:71:in `tagged'
railties (5.2.6) lib/rails/rack/logger.rb:26:in `call'
actionpack (5.2.6) lib/action_dispatch/middleware/remote_ip.rb:81:in `call'
actionpack (5.2.6) lib/action_dispatch/middleware/request_id.rb:27:in `call'
rack (2.2.3) lib/rack/runtime.rb:22:in `call'
activesupport (5.2.6) lib/active_support/cache/strategy/local_cache_middleware.rb:29:in `call'
actionpack (5.2.6) lib/action_dispatch/middleware/executor.rb:14:in `call'
actionpack (5.2.6) lib/action_dispatch/middleware/static.rb:127:in `call'
rack (2.2.3) lib/rack/sendfile.rb:110:in `call'
railties (5.2.6) lib/rails/engine.rb:524:in `call'
puma (3.12.6) lib/puma/configuration.rb:227:in `call'
puma (3.12.6) lib/puma/server.rb:706:in `handle_request'
puma (3.12.6) lib/puma/server.rb:476:in `process_client'
puma (3.12.6) lib/puma/server.rb:334:in `block in run'
puma (3.12.6) lib/puma/thread_pool.rb:135:in `block in spawn_thread'
Started GET "/api/characters/1" for ::1 at 2021-06-11 15:48:32 -0700
Processing by Api::CharactersController#show as JSON
  Parameters: {"id"=>"1"}
  [1m[36mCharacter Load (0.5ms)[0m  [1m[34mSELECT  "characters".* FROM "characters" WHERE "characters"."id" = $1 LIMIT $2[0m  [["id", 1], ["LIMIT", 1]]
  ↳ app/controllers/api/characters_controller.rb:28
Completed 200 OK in 53ms (Views: 0.8ms | ActiveRecord: 16.8ms)


Started GET "/api/characters/1hjkbkhh" for ::1 at 2021-06-11 15:50:19 -0700
Processing by Api::CharactersController#show as JSON
  Parameters: {"id"=>"1hjkbkhh"}
  [1m[36mCharacter Load (2.4ms)[0m  [1m[34mSELECT  "characters".* FROM "characters" WHERE "characters"."id" = $1 LIMIT $2[0m  [["id", 1], ["LIMIT", 1]]
  ↳ app/controllers/api/characters_controller.rb:28
Completed 200 OK in 5ms (Views: 0.8ms | ActiveRecord: 2.4ms)


  [1m[36mCharacter Load (0.6ms)[0m  [1m[34mSELECT "characters".* FROM "characters"[0m
Started GET "/api/characters/1343434hjkbkhh" for ::1 at 2021-06-11 15:50:41 -0700
Processing by Api::CharactersController#show as JSON
  Parameters: {"id"=>"1343434hjkbkhh"}
  [1m[36mCharacter Load (0.9ms)[0m  [1m[34mSELECT  "characters".* FROM "characters" WHERE "characters"."id" = $1 LIMIT $2[0m  [["id", 1343434], ["LIMIT", 1]]
  ↳ app/controllers/api/characters_controller.rb:28
Completed 500 Internal Server Error in 340ms (Views: 0.1ms | ActiveRecord: 21.0ms)


  
NoMethodError (undefined method `[]' for nil:NilClass):
  
app/controllers/api/characters_controller.rb:38:in `show'
Started GET "/api/characters/1343434hjkbkhh" for ::1 at 2021-06-11 15:51:44 -0700
Processing by Api::CharactersController#show as JSON
  Parameters: {"id"=>"1343434hjkbkhh"}
  [1m[36mCharacter Load (2.5ms)[0m  [1m[34mSELECT  "characters".* FROM "characters" WHERE "characters"."id" = $1 LIMIT $2[0m  [["id", 1343434], ["LIMIT", 1]]
  ↳ app/controllers/api/characters_controller.rb:28
Completed 500 Internal Server Error in 677ms (Views: 0.3ms | ActiveRecord: 25.2ms)


  
NoMethodError (undefined method `[]' for nil:NilClass):
  
app/controllers/api/characters_controller.rb:39:in `show'
Started GET "/api/characters/1343434hjkbkhh" for ::1 at 2021-06-11 15:52:22 -0700
Processing by Api::CharactersController#show as JSON
  Parameters: {"id"=>"1343434hjkbkhh"}
  [1m[36mCharacter Load (0.4ms)[0m  [1m[34mSELECT  "characters".* FROM "characters" WHERE "characters"."id" = $1 LIMIT $2[0m  [["id", 1343434], ["LIMIT", 1]]
  ↳ app/controllers/api/characters_controller.rb:28
Completed 500 Internal Server Error in 197ms (Views: 2.2ms | ActiveRecord: 11.8ms)


  
NoMethodError (undefined method `[]' for nil:NilClass):
  
app/controllers/api/characters_controller.rb:39:in `show'
Started GET "/api/characters/1343434hjkbkhh" for ::1 at 2021-06-11 15:57:44 -0700
Processing by Api::CharactersController#show as JSON
  Parameters: {"id"=>"1343434hjkbkhh"}
  [1m[36mCharacter Load (2.5ms)[0m  [1m[34mSELECT  "characters".* FROM "characters" WHERE "characters"."id" = $1 LIMIT $2[0m  [["id", 1343434], ["LIMIT", 1]]
  ↳ app/controllers/api/characters_controller.rb:28
Completed 500 Internal Server Error in 291ms (Views: 0.5ms | ActiveRecord: 54.2ms)


  
NoMethodError (undefined method `[]' for nil:NilClass):
  
app/controllers/api/characters_controller.rb:40:in `show'
Started GET "/api/characters/1343434hjkbkhh" for ::1 at 2021-06-11 15:58:54 -0700
Processing by Api::CharactersController#show as JSON
  Parameters: {"id"=>"1343434hjkbkhh"}
  [1m[36mCharacter Load (0.6ms)[0m  [1m[34mSELECT  "characters".* FROM "characters" WHERE "characters"."id" = $1 LIMIT $2[0m  [["id", 1343434], ["LIMIT", 1]]
  ↳ app/controllers/api/characters_controller.rb:28
Completed 500 Internal Server Error in 628ms (Views: 0.3ms | ActiveRecord: 0.6ms)


  
NoMethodError (undefined method `[]' for nil:NilClass):
  
app/controllers/api/characters_controller.rb:40:in `show'
Started GET "/api/characters/1343434hjkbkhh" for ::1 at 2021-06-11 15:59:03 -0700
Processing by Api::CharactersController#show as JSON
  Parameters: {"id"=>"1343434hjkbkhh"}
  [1m[36mCharacter Load (0.5ms)[0m  [1m[34mSELECT  "characters".* FROM "characters" WHERE "characters"."id" = $1 LIMIT $2[0m  [["id", 1343434], ["LIMIT", 1]]
  ↳ app/controllers/api/characters_controller.rb:28
Completed 500 Internal Server Error in 239ms (Views: 0.8ms | ActiveRecord: 9.1ms)


  
NoMethodError (undefined method `[]' for nil:NilClass):
  
app/controllers/api/characters_controller.rb:40:in `show'
Started GET "/api/characters/1" for ::1 at 2021-06-11 15:59:51 -0700
Processing by Api::CharactersController#show as JSON
  Parameters: {"id"=>"1"}
  [1m[36mCharacter Load (3.2ms)[0m  [1m[34mSELECT  "characters".* FROM "characters" WHERE "characters"."id" = $1 LIMIT $2[0m  [["id", 1], ["LIMIT", 1]]
  ↳ app/controllers/api/characters_controller.rb:28
Completed 200 OK in 65ms (Views: 1.5ms | ActiveRecord: 13.4ms)


Started GET "/api/characters/1" for ::1 at 2021-06-11 16:00:13 -0700
Processing by Api::CharactersController#show as JSON
  Parameters: {"id"=>"1"}
  [1m[36mCharacter Load (0.7ms)[0m  [1m[34mSELECT  "characters".* FROM "characters" WHERE "characters"."id" = $1 LIMIT $2[0m  [["id", 1], ["LIMIT", 1]]
  ↳ app/controllers/api/characters_controller.rb:28
Completed 200 OK in 71ms (Views: 1.1ms | ActiveRecord: 20.4ms)


Started GET "/api/characters/2" for ::1 at 2021-06-11 16:00:56 -0700
Processing by Api::CharactersController#show as JSON
  Parameters: {"id"=>"2"}
  [1m[36mCharacter Load (0.7ms)[0m  [1m[34mSELECT  "characters".* FROM "characters" WHERE "characters"."id" = $1 LIMIT $2[0m  [["id", 2], ["LIMIT", 1]]
  ↳ app/controllers/api/characters_controller.rb:28
Completed 200 OK in 206ms (Views: 0.5ms | ActiveRecord: 11.8ms)


Started GET "/api/characters/2" for ::1 at 2021-06-11 16:01:10 -0700
Processing by Api::CharactersController#show as JSON
  Parameters: {"id"=>"2"}
  [1m[36mCharacter Load (0.3ms)[0m  [1m[34mSELECT  "characters".* FROM "characters" WHERE "characters"."id" = $1 LIMIT $2[0m  [["id", 2], ["LIMIT", 1]]
  ↳ app/controllers/api/characters_controller.rb:28
Completed 200 OK in 196ms (Views: 0.7ms | ActiveRecord: 8.8ms)


Started GET "/api/characters/2sdfsdfdsf" for ::1 at 2021-06-11 16:04:00 -0700
Processing by Api::CharactersController#show as JSON
  Parameters: {"id"=>"2sdfsdfdsf"}
  [1m[36mCharacter Load (0.5ms)[0m  [1m[34mSELECT  "characters".* FROM "characters" WHERE "characters"."id" = $1 LIMIT $2[0m  [["id", 2], ["LIMIT", 1]]
  ↳ app/controllers/api/characters_controller.rb:28
Completed 500 Internal Server Error in 628ms (Views: 0.2ms | ActiveRecord: 0.5ms)


  
NoMethodError (undefined method `[]' for nil:NilClass):
  
app/controllers/api/characters_controller.rb:41:in `show'
Started GET "/api/characters/2sdfsdfdsf" for ::1 at 2021-06-11 16:06:23 -0700
Processing by Api::CharactersController#show as JSON
  Parameters: {"id"=>"2sdfsdfdsf"}
  [1m[36mCharacter Load (0.3ms)[0m  [1m[34mSELECT  "characters".* FROM "characters" WHERE "characters"."id" = $1 LIMIT $2[0m  [["id", 2], ["LIMIT", 1]]
  ↳ app/controllers/api/characters_controller.rb:28
Completed 500 Internal Server Error in 719ms (ActiveRecord: 6.3ms)


  
NoMethodError (undefined method `is_a' for #<Api::CharactersController:0x00007ff0a61ce118>
Did you mean?  is_a?):
  
app/controllers/api/characters_controller.rb:35:in `show'
Started GET "/api/characters/2sdfsdfdsf" for ::1 at 2021-06-11 16:06:45 -0700
Processing by Api::CharactersController#show as JSON
  Parameters: {"id"=>"2sdfsdfdsf"}
  [1m[36mCharacter Load (1.1ms)[0m  [1m[34mSELECT  "characters".* FROM "characters" WHERE "characters"."id" = $1 LIMIT $2[0m  [["id", 2], ["LIMIT", 1]]
  ↳ app/controllers/api/characters_controller.rb:28
Completed 500 Internal Server Error in 292ms (ActiveRecord: 5.6ms)


  
NoMethodError (undefined method `is_array' for #<Api::CharactersController:0x00007ff0a6109778>
Did you mean?  is_a?):
  
app/controllers/api/characters_controller.rb:35:in `show'
Started GET "/api/characters/2sdfsdfdsf" for ::1 at 2021-06-11 16:06:59 -0700
Processing by Api::CharactersController#show as JSON
  Parameters: {"id"=>"2sdfsdfdsf"}
  [1m[36mCharacter Load (0.4ms)[0m  [1m[34mSELECT  "characters".* FROM "characters" WHERE "characters"."id" = $1 LIMIT $2[0m  [["id", 2], ["LIMIT", 1]]
  ↳ app/controllers/api/characters_controller.rb:28
Completed 500 Internal Server Error in 616ms (ActiveRecord: 4.3ms)


  
TypeError (class or module required):
  
app/controllers/api/characters_controller.rb:35:in `is_a?'
app/controllers/api/characters_controller.rb:35:in `show'
Started GET "/api/characters/2sdfsdfdsf" for ::1 at 2021-06-11 16:08:23 -0700
Processing by Api::CharactersController#show as JSON
  Parameters: {"id"=>"2sdfsdfdsf"}
  [1m[36mCharacter Load (0.3ms)[0m  [1m[34mSELECT  "characters".* FROM "characters" WHERE "characters"."id" = $1 LIMIT $2[0m  [["id", 2], ["LIMIT", 1]]
  ↳ app/controllers/api/characters_controller.rb:28
Completed 404 Not Found in 635ms (Views: 0.3ms | ActiveRecord: 4.4ms)


Started GET "/api/characters/2" for ::1 at 2021-06-11 16:08:32 -0700
Processing by Api::CharactersController#show as JSON
  Parameters: {"id"=>"2"}
  [1m[36mCharacter Load (2.2ms)[0m  [1m[34mSELECT  "characters".* FROM "characters" WHERE "characters"."id" = $1 LIMIT $2[0m  [["id", 2], ["LIMIT", 1]]
  ↳ app/controllers/api/characters_controller.rb:28
Completed 404 Not Found in 162ms (Views: 0.1ms | ActiveRecord: 2.2ms)


Started GET "/api/characters/2" for ::1 at 2021-06-11 16:08:34 -0700
Processing by Api::CharactersController#show as JSON
  Parameters: {"id"=>"2"}
  [1m[36mCharacter Load (2.1ms)[0m  [1m[34mSELECT  "characters".* FROM "characters" WHERE "characters"."id" = $1 LIMIT $2[0m  [["id", 2], ["LIMIT", 1]]
  ↳ app/controllers/api/characters_controller.rb:28
Completed 404 Not Found in 159ms (Views: 0.9ms | ActiveRecord: 2.1ms)


Started GET "/api/characters/2" for ::1 at 2021-06-11 16:09:03 -0700
Processing by Api::CharactersController#show as JSON
  Parameters: {"id"=>"2"}
  [1m[36mCharacter Load (0.4ms)[0m  [1m[34mSELECT  "characters".* FROM "characters" WHERE "characters"."id" = $1 LIMIT $2[0m  [["id", 2], ["LIMIT", 1]]
  ↳ app/controllers/api/characters_controller.rb:28
Completed 404 Not Found in 194ms (Views: 0.3ms | ActiveRecord: 18.0ms)


Started GET "/api/characters/2hjbjn" for ::1 at 2021-06-11 16:09:37 -0700
Processing by Api::CharactersController#show as JSON
  Parameters: {"id"=>"2hjbjn"}
  [1m[36mCharacter Load (0.3ms)[0m  [1m[34mSELECT  "characters".* FROM "characters" WHERE "characters"."id" = $1 LIMIT $2[0m  [["id", 2], ["LIMIT", 1]]
  ↳ app/controllers/api/characters_controller.rb:28
Completed 404 Not Found in 646ms (Views: 1.3ms | ActiveRecord: 10.1ms)


Started GET "/api/characters/2hjbjn" for ::1 at 2021-06-11 16:10:19 -0700
  
SyntaxError (/Users/codingCoding/Desktop/hotel_engine_api/app/controllers/api/characters_controller.rb:35: syntax error, unexpected '='
...   if @get_response["name"] !== "error" && @get_response.len...
...                              ^
/Users/codingCoding/Desktop/hotel_engine_api/app/controllers/api/characters_controller.rb:55: syntax error, unexpected keyword_else, expecting keyword_end
            else
            ^~~~
/Users/codingCoding/Desktop/hotel_engine_api/app/controllers/api/characters_controller.rb:62: syntax error, unexpected keyword_end, expecting end-of-input):
  
app/controllers/api/characters_controller.rb:35: syntax error, unexpected '='
app/controllers/api/characters_controller.rb:55: syntax error, unexpected keyword_else, expecting keyword_end
app/controllers/api/characters_controller.rb:62: syntax error, unexpected keyword_end, expecting end-of-input
Started GET "/api/characters/2hjbjn" for ::1 at 2021-06-11 16:10:21 -0700
  
SyntaxError (/Users/codingCoding/Desktop/hotel_engine_api/app/controllers/api/characters_controller.rb:35: syntax error, unexpected '='
...   if @get_response["name"] !== "error" && @get_response.len...
...                              ^
/Users/codingCoding/Desktop/hotel_engine_api/app/controllers/api/characters_controller.rb:55: syntax error, unexpected keyword_else, expecting keyword_end
            else
            ^~~~
/Users/codingCoding/Desktop/hotel_engine_api/app/controllers/api/characters_controller.rb:62: syntax error, unexpected keyword_end, expecting end-of-input):
  
app/controllers/api/characters_controller.rb:35: syntax error, unexpected '='
app/controllers/api/characters_controller.rb:55: syntax error, unexpected keyword_else, expecting keyword_end
app/controllers/api/characters_controller.rb:62: syntax error, unexpected keyword_end, expecting end-of-input
Started GET "/api/characters/2hjbjn" for ::1 at 2021-06-11 16:11:11 -0700
Processing by Api::CharactersController#show as JSON
  Parameters: {"id"=>"2hjbjn"}
  [1m[36mCharacter Load (0.3ms)[0m  [1m[34mSELECT  "characters".* FROM "characters" WHERE "characters"."id" = $1 LIMIT $2[0m  [["id", 2], ["LIMIT", 1]]
  ↳ app/controllers/api/characters_controller.rb:28
Completed 404 Not Found in 605ms (Views: 0.2ms | ActiveRecord: 3.0ms)


Started GET "/api/characters/2" for ::1 at 2021-06-11 16:11:17 -0700
Processing by Api::CharactersController#show as JSON
  Parameters: {"id"=>"2"}
  [1m[36mCharacter Load (2.9ms)[0m  [1m[34mSELECT  "characters".* FROM "characters" WHERE "characters"."id" = $1 LIMIT $2[0m  [["id", 2], ["LIMIT", 1]]
  ↳ app/controllers/api/characters_controller.rb:28
Completed 500 Internal Server Error in 174ms (ActiveRecord: 2.9ms)


  
TypeError (no implicit conversion of String into Integer):
  
app/controllers/api/characters_controller.rb:35:in `show'
Started GET "/api/characters/2" for ::1 at 2021-06-11 16:11:25 -0700
Processing by Api::CharactersController#show as JSON
  Parameters: {"id"=>"2"}
  [1m[36mCharacter Load (0.4ms)[0m  [1m[34mSELECT  "characters".* FROM "characters" WHERE "characters"."id" = $1 LIMIT $2[0m  [["id", 2], ["LIMIT", 1]]
  ↳ app/controllers/api/characters_controller.rb:28
Completed 500 Internal Server Error in 161ms (ActiveRecord: 0.4ms)


  
TypeError (no implicit conversion of String into Integer):
  
app/controllers/api/characters_controller.rb:35:in `show'
Started GET "/api/characters/2" for ::1 at 2021-06-11 16:11:52 -0700
Processing by Api::CharactersController#show as JSON
  Parameters: {"id"=>"2"}
  [1m[36mCharacter Load (0.4ms)[0m  [1m[34mSELECT  "characters".* FROM "characters" WHERE "characters"."id" = $1 LIMIT $2[0m  [["id", 2], ["LIMIT", 1]]
  ↳ app/controllers/api/characters_controller.rb:28
Completed 500 Internal Server Error in 183ms (ActiveRecord: 5.3ms)


  
ArgumentError (wrong number of arguments (given 0, expected 1..2)):
  
app/controllers/api/characters_controller.rb:35:in `show'
Started GET "/api/characters/2" for ::1 at 2021-06-11 16:11:54 -0700
Processing by Api::CharactersController#show as JSON
  Parameters: {"id"=>"2"}
  [1m[36mCharacter Load (0.4ms)[0m  [1m[34mSELECT  "characters".* FROM "characters" WHERE "characters"."id" = $1 LIMIT $2[0m  [["id", 2], ["LIMIT", 1]]
  ↳ app/controllers/api/characters_controller.rb:28
Completed 500 Internal Server Error in 162ms (ActiveRecord: 0.4ms)


  
ArgumentError (wrong number of arguments (given 0, expected 1..2)):
  
app/controllers/api/characters_controller.rb:35:in `show'
Started GET "/api/characters/2" for ::1 at 2021-06-11 16:12:05 -0700
Processing by Api::CharactersController#show as JSON
  Parameters: {"id"=>"2"}
  [1m[36mCharacter Load (0.6ms)[0m  [1m[34mSELECT  "characters".* FROM "characters" WHERE "characters"."id" = $1 LIMIT $2[0m  [["id", 2], ["LIMIT", 1]]
  ↳ app/controllers/api/characters_controller.rb:28
Completed 200 OK in 287ms (Views: 0.3ms | ActiveRecord: 15.7ms)


Started GET "/api/characters/2asdf" for ::1 at 2021-06-11 16:12:08 -0700
Processing by Api::CharactersController#show as JSON
  Parameters: {"id"=>"2asdf"}
  [1m[36mCharacter Load (1.0ms)[0m  [1m[34mSELECT  "characters".* FROM "characters" WHERE "characters"."id" = $1 LIMIT $2[0m  [["id", 2], ["LIMIT", 1]]
  ↳ app/controllers/api/characters_controller.rb:28
Completed 404 Not Found in 161ms (Views: 0.2ms | ActiveRecord: 1.0ms)


Started GET "/api/characters/2asdfsdf" for ::1 at 2021-06-11 16:12:15 -0700
Processing by Api::CharactersController#show as JSON
  Parameters: {"id"=>"2asdfsdf"}
  [1m[36mCharacter Load (9.2ms)[0m  [1m[34mSELECT  "characters".* FROM "characters" WHERE "characters"."id" = $1 LIMIT $2[0m  [["id", 2], ["LIMIT", 1]]
  ↳ app/controllers/api/characters_controller.rb:28
Completed 404 Not Found in 180ms (Views: 0.2ms | ActiveRecord: 9.2ms)


Started GET "/api/characters/2" for ::1 at 2021-06-11 16:12:17 -0700
Processing by Api::CharactersController#show as JSON
  Parameters: {"id"=>"2"}
  [1m[36mCharacter Load (0.6ms)[0m  [1m[34mSELECT  "characters".* FROM "characters" WHERE "characters"."id" = $1 LIMIT $2[0m  [["id", 2], ["LIMIT", 1]]
  ↳ app/controllers/api/characters_controller.rb:28
Completed 200 OK in 165ms (Views: 0.4ms | ActiveRecord: 0.6ms)


Started GET "/api/characters/1" for ::1 at 2021-06-11 16:12:33 -0700
Processing by Api::CharactersController#show as JSON
  Parameters: {"id"=>"1"}
  [1m[36mCharacter Load (2.7ms)[0m  [1m[34mSELECT  "characters".* FROM "characters" WHERE "characters"."id" = $1 LIMIT $2[0m  [["id", 1], ["LIMIT", 1]]
  ↳ app/controllers/api/characters_controller.rb:28
Completed 200 OK in 6ms (Views: 0.7ms | ActiveRecord: 2.7ms)


Started GET "/api/characters/random" for ::1 at 2021-06-11 16:22:57 -0700
Processing by Api::CharactersController#show as JSON
  Parameters: {"id"=>"random"}
  [1m[36mCharacter Load (4.3ms)[0m  [1m[34mSELECT  "characters".* FROM "characters" WHERE "characters"."id" = $1 LIMIT $2[0m  [["id", 0], ["LIMIT", 1]]
  ↳ app/controllers/api/characters_controller.rb:20
Completed 404 Not Found in 227ms (Views: 0.7ms | ActiveRecord: 36.8ms)


Started GET "/api/characters%3E?category=Better+Call+Saul" for ::1 at 2021-06-11 16:23:18 -0700
  
ActionController::RoutingError (No route matches [GET] "/api/characters%3E"):
  
actionpack (5.2.6) lib/action_dispatch/middleware/debug_exceptions.rb:65:in `call'
actionpack (5.2.6) lib/action_dispatch/middleware/show_exceptions.rb:33:in `call'
railties (5.2.6) lib/rails/rack/logger.rb:38:in `call_app'
railties (5.2.6) lib/rails/rack/logger.rb:26:in `block in call'
activesupport (5.2.6) lib/active_support/tagged_logging.rb:71:in `block in tagged'
activesupport (5.2.6) lib/active_support/tagged_logging.rb:28:in `tagged'
activesupport (5.2.6) lib/active_support/tagged_logging.rb:71:in `tagged'
railties (5.2.6) lib/rails/rack/logger.rb:26:in `call'
actionpack (5.2.6) lib/action_dispatch/middleware/remote_ip.rb:81:in `call'
actionpack (5.2.6) lib/action_dispatch/middleware/request_id.rb:27:in `call'
rack (2.2.3) lib/rack/runtime.rb:22:in `call'
activesupport (5.2.6) lib/active_support/cache/strategy/local_cache_middleware.rb:29:in `call'
actionpack (5.2.6) lib/action_dispatch/middleware/executor.rb:14:in `call'
actionpack (5.2.6) lib/action_dispatch/middleware/static.rb:127:in `call'
rack (2.2.3) lib/rack/sendfile.rb:110:in `call'
railties (5.2.6) lib/rails/engine.rb:524:in `call'
puma (3.12.6) lib/puma/configuration.rb:227:in `call'
puma (3.12.6) lib/puma/server.rb:706:in `handle_request'
puma (3.12.6) lib/puma/server.rb:476:in `process_client'
puma (3.12.6) lib/puma/server.rb:334:in `block in run'
puma (3.12.6) lib/puma/thread_pool.rb:135:in `block in spawn_thread'
Started GET "/api/characters??category=Better+Call+Saul" for ::1 at 2021-06-11 16:23:23 -0700
Processing by Api::CharactersController#index as JSON
  Parameters: {"?category"=>"Better Call Saul"}
Completed 200 OK in 714ms (Views: 21.8ms | ActiveRecord: 0.0ms)


Started GET "/api/characters?category=Better+Call+Saul" for ::1 at 2021-06-11 16:23:27 -0700
Processing by Api::CharactersController#index as JSON
  Parameters: {"category"=>"Better Call Saul"}
Completed 200 OK in 250ms (Views: 8.2ms | ActiveRecord: 0.0ms)


Started GET "/api/characters?name=Walter+White" for ::1 at 2021-06-11 16:23:48 -0700
Processing by Api::CharactersController#index as JSON
  Parameters: {"name"=>"Walter White"}
Completed 200 OK in 711ms (Views: 18.4ms | ActiveRecord: 0.0ms)


  [1m[36mCharacter Load (15.9ms)[0m  [1m[34mSELECT  "characters".* FROM "characters" WHERE "characters"."name" = $1 LIMIT $2[0m  [["name", "Walter White"], ["LIMIT", 1]]
